[0.101s] Invoking command in '/workspaces/NamedPipTest/build/SharedMemory0': CMAKE_PREFIX_PATH=${CMAKE_PREFIX_PATH}:/opt/ros/humble /usr/bin/cmake --build /workspaces/NamedPipTest/build/SharedMemory0 -- -j20 -l20
[0.377s] [?1h=MSBuild version 17.8.5+b5265ef37 for .NET
[1.480s]   Determining projects to restore...
[1.923s]   All projects are up-to-date for restore.
[1.948s] [39;49m[93m/usr/lib/dotnet/sdk/8.0.105/Current/SolutionFile/ImportAfter/Microsoft.NET.Sdk.Solution.targets(36,5): warning NETSDK1194: The "--output" option isn't supported when building a solution. Specifying a solution-level output path results in all projects copying outputs to the same directory, which can lead to inconsistent builds. [/workspaces/NamedPipTest/SharedMemory0/SharedMemory0.sln]
[4.251s] [39;49m  SharedMemory0 -> /workspaces/NamedPipTest/SharedMemory0/bin/Release/net8.0/linux-x64/SharedMemory0.dll
[4.606s]   SharedMemory0 -> /workspaces/NamedPipTest/SharedMemory0/bin/
[4.637s] Built target run
[4.649s] Invoked command in '/workspaces/NamedPipTest/build/SharedMemory0' returned '0': CMAKE_PREFIX_PATH=${CMAKE_PREFIX_PATH}:/opt/ros/humble /usr/bin/cmake --build /workspaces/NamedPipTest/build/SharedMemory0 -- -j20 -l20
[4.698s] Invoking command in '/workspaces/NamedPipTest/build/SharedMemory0': CMAKE_PREFIX_PATH=${CMAKE_PREFIX_PATH}:/opt/ros/humble /usr/bin/cmake --install /workspaces/NamedPipTest/build/SharedMemory0
[4.706s] -- Install configuration: ""
[4.712s] -- Up-to-date: /workspaces/NamedPipTest/install/share/SharedMemory0/declarations
[4.730s] -- Up-to-date: /workspaces/NamedPipTest/install/share/SharedMemory0/declarations/Test.json
[4.741s] -- Up-to-date: /workspaces/NamedPipTest/install/share/SharedMemory0/maps
[4.762s] -- Up-to-date: /workspaces/NamedPipTest/install/share/SharedMemory0/maps/StaticDijkstraMap.json
[4.778s] -- Up-to-date: /workspaces/NamedPipTest/install/share/SharedMemory0/maps/StaticESDFMap.json
[4.790s] -- Up-to-date: /workspaces/NamedPipTest/install/lib/SharedMemory0/SharedMemory0
[4.813s] -- Up-to-date: /workspaces/NamedPipTest/install/share/ament_index/resource_index/package_run_dependencies/SharedMemory0
[4.847s] -- Up-to-date: /workspaces/NamedPipTest/install/share/ament_index/resource_index/parent_prefix_path/SharedMemory0
[4.860s] -- Up-to-date: /workspaces/NamedPipTest/install/share/SharedMemory0/environment/ament_prefix_path.sh
[4.876s] -- Up-to-date: /workspaces/NamedPipTest/install/share/SharedMemory0/environment/ament_prefix_path.dsv
[4.887s] -- Up-to-date: /workspaces/NamedPipTest/install/share/SharedMemory0/environment/path.sh
[4.903s] -- Up-to-date: /workspaces/NamedPipTest/install/share/SharedMemory0/environment/path.dsv
[4.918s] -- Up-to-date: /workspaces/NamedPipTest/install/share/SharedMemory0/local_setup.bash
[4.931s] -- Up-to-date: /workspaces/NamedPipTest/install/share/SharedMemory0/local_setup.sh
[4.943s] -- Up-to-date: /workspaces/NamedPipTest/install/share/SharedMemory0/local_setup.zsh
[4.954s] -- Up-to-date: /workspaces/NamedPipTest/install/share/SharedMemory0/local_setup.dsv
[4.966s] -- Installing: /workspaces/NamedPipTest/install/share/SharedMemory0/package.dsv
[5.017s] -- Up-to-date: /workspaces/NamedPipTest/install/share/ament_index/resource_index/packages/SharedMemory0
[5.034s] -- Up-to-date: /workspaces/NamedPipTest/install/share/SharedMemory0/cmake/SharedMemory0Config.cmake
[5.045s] -- Up-to-date: /workspaces/NamedPipTest/install/share/SharedMemory0/cmake/SharedMemory0Config-version.cmake
[5.057s] -- Up-to-date: /workspaces/NamedPipTest/install/share/SharedMemory0/package.xml
[5.203s] Invoked command in '/workspaces/NamedPipTest/build/SharedMemory0' returned '0': CMAKE_PREFIX_PATH=${CMAKE_PREFIX_PATH}:/opt/ros/humble /usr/bin/cmake --install /workspaces/NamedPipTest/build/SharedMemory0
