[0.139s] DEBUG:colcon:Command line arguments: ['/usr/bin/colcon', 'build', '--merge-install']
[0.140s] DEBUG:colcon:Parsed command line arguments: Namespace(log_base=None, log_level=None, verb_name='build', build_base='build', install_base='install', merge_install=True, symlink_install=False, test_result_base=None, continue_on_error=False, executor='parallel', parallel_workers=20, event_handlers=None, ignore_user_meta=False, metas=['./colcon.meta'], base_paths=['.'], packages_ignore=None, packages_ignore_regex=None, paths=None, packages_up_to=None, packages_up_to_regex=None, packages_above=None, packages_above_and_dependencies=None, packages_above_depth=None, packages_select_by_dep=None, packages_skip_by_dep=None, packages_skip_up_to=None, packages_select_build_failed=False, packages_skip_build_finished=False, packages_select_test_failures=False, packages_skip_test_passed=False, packages_select=None, packages_skip=None, packages_select_regex=None, packages_skip_regex=None, packages_start=None, packages_end=None, cmake_args=None, cmake_target=None, cmake_target_skip_unavailable=False, cmake_clean_cache=False, cmake_clean_first=False, cmake_force_configure=False, ament_cmake_args=None, catkin_cmake_args=None, catkin_skip_building_tests=False, mixin_files=None, mixin=None, verb_parser=<colcon_mixin.mixin.mixin_argument.MixinArgumentDecorator object at 0x7f904fdd2710>, verb_extension=<colcon_core.verb.build.BuildVerb object at 0x7f904fdd21d0>, main=<bound method BuildVerb.main of <colcon_core.verb.build.BuildVerb object at 0x7f904fdd21d0>>, mixin_verb=('build',))
[0.243s] Level 1:colcon.colcon_core.package_discovery:discover_packages(colcon_meta) check parameters
[0.245s] INFO:colcon.colcon_metadata.package_discovery.colcon_meta:Using configuration from '/root/.colcon/metadata/default/Gazebo.meta'
[0.246s] INFO:colcon.colcon_metadata.package_discovery.colcon_meta:Using configuration from '/root/.colcon/metadata/default/fastrtps.meta'
[0.247s] Level 1:colcon.colcon_core.package_discovery:discover_packages(recursive) check parameters
[0.247s] Level 1:colcon.colcon_core.package_discovery:discover_packages(ignore) check parameters
[0.248s] Level 1:colcon.colcon_core.package_discovery:discover_packages(path) check parameters
[0.248s] Level 1:colcon.colcon_core.package_discovery:discover_packages(colcon_meta) discover
[0.249s] Level 1:colcon.colcon_core.package_discovery:discover_packages(recursive) discover
[0.250s] INFO:colcon.colcon_core.package_discovery:Crawling recursively for packages in '/workspaces/NamedPipTest'
[0.253s] Level 1:colcon.colcon_core.package_identification:_identify(.) by extensions ['ignore', 'ignore_ament_install']
[0.254s] Level 1:colcon.colcon_core.package_identification:_identify(.) by extension 'ignore'
[0.254s] Level 1:colcon.colcon_core.package_identification:_identify(.) by extension 'ignore_ament_install'
[0.256s] Level 1:colcon.colcon_core.package_identification:_identify(.) by extensions ['colcon_pkg']
[0.256s] Level 1:colcon.colcon_core.package_identification:_identify(.) by extension 'colcon_pkg'
[0.257s] Level 1:colcon.colcon_core.package_identification:_identify(.) by extensions ['colcon_meta']
[0.258s] Level 1:colcon.colcon_core.package_identification:_identify(.) by extension 'colcon_meta'
[0.259s] Level 1:colcon.colcon_core.package_identification:_identify(.) by extensions ['ros']
[0.259s] Level 1:colcon.colcon_core.package_identification:_identify(.) by extension 'ros'
[0.270s] Level 1:colcon.colcon_core.package_identification:_identify(.) by extensions ['cmake', 'python']
[0.271s] Level 1:colcon.colcon_core.package_identification:_identify(.) by extension 'cmake'
[0.272s] Level 1:colcon.colcon_core.package_identification:_identify(.) by extension 'python'
[0.272s] Level 1:colcon.colcon_core.package_identification:_identify(.) by extensions ['python_setup_py']
[0.273s] Level 1:colcon.colcon_core.package_identification:_identify(.) by extension 'python_setup_py'
[0.279s] Level 1:colcon.colcon_core.package_identification:_identify(SharedMemory0) by extensions ['ignore', 'ignore_ament_install']
[0.279s] Level 1:colcon.colcon_core.package_identification:_identify(SharedMemory0) by extension 'ignore'
[0.280s] Level 1:colcon.colcon_core.package_identification:_identify(SharedMemory0) by extension 'ignore_ament_install'
[0.281s] Level 1:colcon.colcon_core.package_identification:_identify(SharedMemory0) by extensions ['colcon_pkg']
[0.281s] Level 1:colcon.colcon_core.package_identification:_identify(SharedMemory0) by extension 'colcon_pkg'
[0.282s] Level 1:colcon.colcon_core.package_identification:_identify(SharedMemory0) by extensions ['colcon_meta']
[0.282s] Level 1:colcon.colcon_core.package_identification:_identify(SharedMemory0) by extension 'colcon_meta'
[0.283s] Level 1:colcon.colcon_core.package_identification:_identify(SharedMemory0) by extensions ['ros']
[0.283s] Level 1:colcon.colcon_core.package_identification:_identify(SharedMemory0) by extension 'ros'
[0.295s] DEBUG:colcon.colcon_core.package_identification:Package 'SharedMemory0' with type 'ros.ament_cmake' and name 'SharedMemory0'
[0.298s] Level 1:colcon.colcon_core.package_identification:_identify(SharedMemory1) by extensions ['ignore', 'ignore_ament_install']
[0.299s] Level 1:colcon.colcon_core.package_identification:_identify(SharedMemory1) by extension 'ignore'
[0.300s] Level 1:colcon.colcon_core.package_identification:_identify(SharedMemory1) by extension 'ignore_ament_install'
[0.301s] Level 1:colcon.colcon_core.package_identification:_identify(SharedMemory1) by extensions ['colcon_pkg']
[0.301s] Level 1:colcon.colcon_core.package_identification:_identify(SharedMemory1) by extension 'colcon_pkg'
[0.303s] Level 1:colcon.colcon_core.package_identification:_identify(SharedMemory1) by extensions ['colcon_meta']
[0.303s] Level 1:colcon.colcon_core.package_identification:_identify(SharedMemory1) by extension 'colcon_meta'
[0.304s] Level 1:colcon.colcon_core.package_identification:_identify(SharedMemory1) by extensions ['ros']
[0.304s] Level 1:colcon.colcon_core.package_identification:_identify(SharedMemory1) by extension 'ros'
[0.314s] DEBUG:colcon.colcon_core.package_identification:Package 'SharedMemory1' with type 'ros.ament_cmake' and name 'SharedMemory1'
[0.317s] Level 1:colcon.colcon_core.package_identification:_identify(build) by extensions ['ignore', 'ignore_ament_install']
[0.317s] Level 1:colcon.colcon_core.package_identification:_identify(build) by extension 'ignore'
[0.319s] Level 1:colcon.colcon_core.package_identification:_identify(build) ignored
[0.322s] Level 1:colcon.colcon_core.package_identification:_identify(install) by extensions ['ignore', 'ignore_ament_install']
[0.322s] Level 1:colcon.colcon_core.package_identification:_identify(install) by extension 'ignore'
[0.324s] Level 1:colcon.colcon_core.package_identification:_identify(install) ignored
[0.328s] Level 1:colcon.colcon_core.package_identification:_identify(log) by extensions ['ignore', 'ignore_ament_install']
[0.329s] Level 1:colcon.colcon_core.package_identification:_identify(log) by extension 'ignore'
[0.330s] Level 1:colcon.colcon_core.package_identification:_identify(log) ignored
[0.330s] Level 1:colcon.colcon_core.package_discovery:discover_packages(recursive) using defaults
[0.330s] Level 1:colcon.colcon_core.package_discovery:discover_packages(ignore) discover
[0.330s] Level 1:colcon.colcon_core.package_discovery:discover_packages(ignore) using defaults
[0.331s] Level 1:colcon.colcon_core.package_discovery:discover_packages(path) discover
[0.331s] Level 1:colcon.colcon_core.package_discovery:discover_packages(path) using defaults
[0.352s] Level 5:colcon.colcon_core.verb:set package 'SharedMemory0' build argument 'cmake_args' from command line to 'None'
[0.353s] Level 5:colcon.colcon_core.verb:set package 'SharedMemory0' build argument 'cmake_target' from command line to 'None'
[0.353s] Level 5:colcon.colcon_core.verb:set package 'SharedMemory0' build argument 'cmake_target_skip_unavailable' from command line to 'False'
[0.353s] Level 5:colcon.colcon_core.verb:set package 'SharedMemory0' build argument 'cmake_clean_cache' from command line to 'False'
[0.353s] Level 5:colcon.colcon_core.verb:set package 'SharedMemory0' build argument 'cmake_clean_first' from command line to 'False'
[0.354s] Level 5:colcon.colcon_core.verb:set package 'SharedMemory0' build argument 'cmake_force_configure' from command line to 'False'
[0.354s] Level 5:colcon.colcon_core.verb:set package 'SharedMemory0' build argument 'ament_cmake_args' from command line to 'None'
[0.354s] Level 5:colcon.colcon_core.verb:set package 'SharedMemory0' build argument 'catkin_cmake_args' from command line to 'None'
[0.355s] Level 5:colcon.colcon_core.verb:set package 'SharedMemory0' build argument 'catkin_skip_building_tests' from command line to 'False'
[0.355s] DEBUG:colcon.colcon_core.verb:Building package 'SharedMemory0' with the following arguments: {'ament_cmake_args': None, 'build_base': '/workspaces/NamedPipTest/build/SharedMemory0', 'catkin_cmake_args': None, 'catkin_skip_building_tests': False, 'cmake_args': None, 'cmake_clean_cache': False, 'cmake_clean_first': False, 'cmake_force_configure': False, 'cmake_target': None, 'cmake_target_skip_unavailable': False, 'install_base': '/workspaces/NamedPipTest/install', 'merge_install': True, 'path': '/workspaces/NamedPipTest/SharedMemory0', 'symlink_install': False, 'test_result_base': None}
[0.356s] Level 5:colcon.colcon_core.verb:set package 'SharedMemory1' build argument 'cmake_args' from command line to 'None'
[0.356s] Level 5:colcon.colcon_core.verb:set package 'SharedMemory1' build argument 'cmake_target' from command line to 'None'
[0.356s] Level 5:colcon.colcon_core.verb:set package 'SharedMemory1' build argument 'cmake_target_skip_unavailable' from command line to 'False'
[0.357s] Level 5:colcon.colcon_core.verb:set package 'SharedMemory1' build argument 'cmake_clean_cache' from command line to 'False'
[0.357s] Level 5:colcon.colcon_core.verb:set package 'SharedMemory1' build argument 'cmake_clean_first' from command line to 'False'
[0.357s] Level 5:colcon.colcon_core.verb:set package 'SharedMemory1' build argument 'cmake_force_configure' from command line to 'False'
[0.358s] Level 5:colcon.colcon_core.verb:set package 'SharedMemory1' build argument 'ament_cmake_args' from command line to 'None'
[0.358s] Level 5:colcon.colcon_core.verb:set package 'SharedMemory1' build argument 'catkin_cmake_args' from command line to 'None'
[0.358s] Level 5:colcon.colcon_core.verb:set package 'SharedMemory1' build argument 'catkin_skip_building_tests' from command line to 'False'
[0.359s] DEBUG:colcon.colcon_core.verb:Building package 'SharedMemory1' with the following arguments: {'ament_cmake_args': None, 'build_base': '/workspaces/NamedPipTest/build/SharedMemory1', 'catkin_cmake_args': None, 'catkin_skip_building_tests': False, 'cmake_args': None, 'cmake_clean_cache': False, 'cmake_clean_first': False, 'cmake_force_configure': False, 'cmake_target': None, 'cmake_target_skip_unavailable': False, 'install_base': '/workspaces/NamedPipTest/install', 'merge_install': True, 'path': '/workspaces/NamedPipTest/SharedMemory1', 'symlink_install': False, 'test_result_base': None}
[0.359s] INFO:colcon.colcon_core.executor:Executing jobs using 'parallel' executor
[0.360s] DEBUG:colcon.colcon_parallel_executor.executor.parallel:run_until_complete
[0.360s] INFO:colcon.colcon_ros.task.ament_cmake.build:Building ROS package in '/workspaces/NamedPipTest/SharedMemory0' with build type 'ament_cmake'
[0.361s] INFO:colcon.colcon_cmake.task.cmake.build:Building CMake package in '/workspaces/NamedPipTest/SharedMemory0'
[0.363s] INFO:colcon.colcon_core.plugin_system:Skipping extension 'colcon_core.shell.bat': Not used on non-Windows systems
[0.363s] INFO:colcon.colcon_core.shell:Skip shell extension 'powershell' for command environment: Not usable outside of PowerShell
[0.364s] DEBUG:colcon.colcon_core.shell:Skip shell extension 'dsv' for command environment
[0.406s] INFO:colcon.colcon_ros.task.ament_cmake.build:Building ROS package in '/workspaces/NamedPipTest/SharedMemory1' with build type 'ament_cmake'
[0.406s] INFO:colcon.colcon_cmake.task.cmake.build:Building CMake package in '/workspaces/NamedPipTest/SharedMemory1'
[0.407s] INFO:colcon.colcon_core.shell:Skip shell extension 'powershell' for command environment: Not usable outside of PowerShell
[0.407s] DEBUG:colcon.colcon_core.shell:Skip shell extension 'dsv' for command environment
[0.516s] DEBUG:colcon.colcon_core.event_handler.log_command:Invoking command in '/workspaces/NamedPipTest/build/SharedMemory0': CMAKE_PREFIX_PATH=${CMAKE_PREFIX_PATH}:/opt/ros/humble /usr/bin/cmake --build /workspaces/NamedPipTest/build/SharedMemory0 -- -j20 -l20
[0.552s] DEBUG:colcon.colcon_core.event_handler.log_command:Invoking command in '/workspaces/NamedPipTest/build/SharedMemory1': CMAKE_PREFIX_PATH=${CMAKE_PREFIX_PATH}:/opt/ros/humble /usr/bin/cmake --build /workspaces/NamedPipTest/build/SharedMemory1 -- -j20 -l20
[10.711s] DEBUG:colcon.colcon_core.event_handler.log_command:Invoked command in '/workspaces/NamedPipTest/build/SharedMemory0' returned '0': CMAKE_PREFIX_PATH=${CMAKE_PREFIX_PATH}:/opt/ros/humble /usr/bin/cmake --build /workspaces/NamedPipTest/build/SharedMemory0 -- -j20 -l20
[10.725s] DEBUG:colcon.colcon_core.event_handler.log_command:Invoked command in '/workspaces/NamedPipTest/build/SharedMemory1' returned '0': CMAKE_PREFIX_PATH=${CMAKE_PREFIX_PATH}:/opt/ros/humble /usr/bin/cmake --build /workspaces/NamedPipTest/build/SharedMemory1 -- -j20 -l20
[10.765s] DEBUG:colcon.colcon_core.event_handler.log_command:Invoking command in '/workspaces/NamedPipTest/build/SharedMemory0': CMAKE_PREFIX_PATH=${CMAKE_PREFIX_PATH}:/opt/ros/humble /usr/bin/cmake --install /workspaces/NamedPipTest/build/SharedMemory0
[10.771s] DEBUG:colcon.colcon_core.event_handler.log_command:Invoking command in '/workspaces/NamedPipTest/build/SharedMemory1': CMAKE_PREFIX_PATH=${CMAKE_PREFIX_PATH}:/opt/ros/humble /usr/bin/cmake --install /workspaces/NamedPipTest/build/SharedMemory1
[16.716s] Level 1:colcon.colcon_core.environment:create_environment_scripts_only(SharedMemory0)
[16.718s] DEBUG:colcon.colcon_core.event_handler.log_command:Invoked command in '/workspaces/NamedPipTest/build/SharedMemory0' returned '0': CMAKE_PREFIX_PATH=${CMAKE_PREFIX_PATH}:/opt/ros/humble /usr/bin/cmake --install /workspaces/NamedPipTest/build/SharedMemory0
[16.719s] Level 1:colcon.colcon_core.environment:checking '/workspaces/NamedPipTest/install' for CMake module files
[16.781s] Level 1:colcon.colcon_core.environment:checking '/workspaces/NamedPipTest/install' for CMake config files
[16.843s] Level 1:colcon.colcon_core.shell:create_environment_hook('SharedMemory0', 'cmake_prefix_path')
[16.844s] INFO:colcon.colcon_core.shell:Creating environment hook '/workspaces/NamedPipTest/install/share/SharedMemory0/hook/cmake_prefix_path.ps1'
[16.856s] INFO:colcon.colcon_core.shell:Creating environment descriptor '/workspaces/NamedPipTest/install/share/SharedMemory0/hook/cmake_prefix_path.dsv'
[16.868s] INFO:colcon.colcon_core.shell:Creating environment hook '/workspaces/NamedPipTest/install/share/SharedMemory0/hook/cmake_prefix_path.sh'
[16.885s] Level 1:colcon.colcon_core.environment:checking '/workspaces/NamedPipTest/install/lib'
[16.888s] Level 1:colcon.colcon_core.environment:checking '/workspaces/NamedPipTest/install/bin'
[16.889s] Level 1:colcon.colcon_core.environment:checking '/workspaces/NamedPipTest/install/lib/pkgconfig/SharedMemory0.pc'
[16.892s] Level 1:colcon.colcon_core.environment:checking '/workspaces/NamedPipTest/install/lib/python3.10/site-packages'
[16.893s] Level 1:colcon.colcon_core.environment:checking '/workspaces/NamedPipTest/install/bin'
[16.895s] INFO:colcon.colcon_core.shell:Creating package script '/workspaces/NamedPipTest/install/share/SharedMemory0/package.ps1'
[16.903s] INFO:colcon.colcon_core.shell:Creating package descriptor '/workspaces/NamedPipTest/install/share/SharedMemory0/package.dsv'
[16.914s] INFO:colcon.colcon_core.shell:Creating package script '/workspaces/NamedPipTest/install/share/SharedMemory0/package.sh'
[16.924s] INFO:colcon.colcon_core.shell:Creating package script '/workspaces/NamedPipTest/install/share/SharedMemory0/package.bash'
[16.934s] INFO:colcon.colcon_core.shell:Creating package script '/workspaces/NamedPipTest/install/share/SharedMemory0/package.zsh'
[16.945s] Level 1:colcon.colcon_core.environment:create_file_with_runtime_dependencies(/workspaces/NamedPipTest/install/share/colcon-core/packages/SharedMemory0)
[16.961s] Level 1:colcon.colcon_core.environment:create_environment_scripts_only(SharedMemory1)
[16.962s] Level 1:colcon.colcon_core.environment:checking '/workspaces/NamedPipTest/install' for CMake module files
[16.963s] DEBUG:colcon.colcon_core.event_handler.log_command:Invoked command in '/workspaces/NamedPipTest/build/SharedMemory1' returned '0': CMAKE_PREFIX_PATH=${CMAKE_PREFIX_PATH}:/opt/ros/humble /usr/bin/cmake --install /workspaces/NamedPipTest/build/SharedMemory1
[17.027s] Level 1:colcon.colcon_core.environment:checking '/workspaces/NamedPipTest/install' for CMake config files
[17.084s] Level 1:colcon.colcon_core.shell:create_environment_hook('SharedMemory1', 'cmake_prefix_path')
[17.084s] INFO:colcon.colcon_core.shell:Creating environment hook '/workspaces/NamedPipTest/install/share/SharedMemory1/hook/cmake_prefix_path.ps1'
[17.096s] INFO:colcon.colcon_core.shell:Creating environment descriptor '/workspaces/NamedPipTest/install/share/SharedMemory1/hook/cmake_prefix_path.dsv'
[17.107s] INFO:colcon.colcon_core.shell:Creating environment hook '/workspaces/NamedPipTest/install/share/SharedMemory1/hook/cmake_prefix_path.sh'
[17.122s] Level 1:colcon.colcon_core.environment:checking '/workspaces/NamedPipTest/install/lib'
[17.125s] Level 1:colcon.colcon_core.environment:checking '/workspaces/NamedPipTest/install/bin'
[17.125s] Level 1:colcon.colcon_core.environment:checking '/workspaces/NamedPipTest/install/lib/pkgconfig/SharedMemory1.pc'
[17.127s] Level 1:colcon.colcon_core.environment:checking '/workspaces/NamedPipTest/install/lib/python3.10/site-packages'
[17.128s] Level 1:colcon.colcon_core.environment:checking '/workspaces/NamedPipTest/install/bin'
[17.129s] INFO:colcon.colcon_core.shell:Creating package script '/workspaces/NamedPipTest/install/share/SharedMemory1/package.ps1'
[17.139s] INFO:colcon.colcon_core.shell:Creating package descriptor '/workspaces/NamedPipTest/install/share/SharedMemory1/package.dsv'
[17.148s] INFO:colcon.colcon_core.shell:Creating package script '/workspaces/NamedPipTest/install/share/SharedMemory1/package.sh'
[17.157s] INFO:colcon.colcon_core.shell:Creating package script '/workspaces/NamedPipTest/install/share/SharedMemory1/package.bash'
[17.166s] INFO:colcon.colcon_core.shell:Creating package script '/workspaces/NamedPipTest/install/share/SharedMemory1/package.zsh'
[17.176s] Level 1:colcon.colcon_core.environment:create_file_with_runtime_dependencies(/workspaces/NamedPipTest/install/share/colcon-core/packages/SharedMemory1)
[17.191s] Level 1:colcon.colcon_core.environment:create_environment_scripts_only(SharedMemory0)
[17.191s] Level 1:colcon.colcon_core.environment:checking '/workspaces/NamedPipTest/install' for CMake module files
[17.259s] Level 1:colcon.colcon_core.environment:checking '/workspaces/NamedPipTest/install' for CMake config files
[17.316s] Level 1:colcon.colcon_core.shell:create_environment_hook('SharedMemory0', 'cmake_prefix_path')
[17.317s] INFO:colcon.colcon_core.shell:Creating environment hook '/workspaces/NamedPipTest/install/share/SharedMemory0/hook/cmake_prefix_path.ps1'
[17.329s] INFO:colcon.colcon_core.shell:Creating environment descriptor '/workspaces/NamedPipTest/install/share/SharedMemory0/hook/cmake_prefix_path.dsv'
[17.341s] INFO:colcon.colcon_core.shell:Creating environment hook '/workspaces/NamedPipTest/install/share/SharedMemory0/hook/cmake_prefix_path.sh'
[17.356s] Level 1:colcon.colcon_core.environment:checking '/workspaces/NamedPipTest/install/lib'
[17.359s] Level 1:colcon.colcon_core.environment:checking '/workspaces/NamedPipTest/install/bin'
[17.359s] Level 1:colcon.colcon_core.environment:checking '/workspaces/NamedPipTest/install/lib/pkgconfig/SharedMemory0.pc'
[17.361s] Level 1:colcon.colcon_core.environment:checking '/workspaces/NamedPipTest/install/lib/python3.10/site-packages'
[17.362s] Level 1:colcon.colcon_core.environment:checking '/workspaces/NamedPipTest/install/bin'
[17.363s] INFO:colcon.colcon_core.shell:Creating package script '/workspaces/NamedPipTest/install/share/SharedMemory0/package.ps1'
[17.373s] INFO:colcon.colcon_core.shell:Creating package descriptor '/workspaces/NamedPipTest/install/share/SharedMemory0/package.dsv'
[17.383s] INFO:colcon.colcon_core.shell:Creating package script '/workspaces/NamedPipTest/install/share/SharedMemory0/package.sh'
[17.392s] INFO:colcon.colcon_core.shell:Creating package script '/workspaces/NamedPipTest/install/share/SharedMemory0/package.bash'
[17.402s] INFO:colcon.colcon_core.shell:Creating package script '/workspaces/NamedPipTest/install/share/SharedMemory0/package.zsh'
[17.411s] Level 1:colcon.colcon_core.environment:create_file_with_runtime_dependencies(/workspaces/NamedPipTest/install/share/colcon-core/packages/SharedMemory0)
[17.420s] Level 1:colcon.colcon_core.environment:create_environment_scripts_only(SharedMemory1)
[17.420s] Level 1:colcon.colcon_core.environment:checking '/workspaces/NamedPipTest/install' for CMake module files
[17.498s] Level 1:colcon.colcon_core.environment:checking '/workspaces/NamedPipTest/install' for CMake config files
[17.554s] Level 1:colcon.colcon_core.shell:create_environment_hook('SharedMemory1', 'cmake_prefix_path')
[17.555s] INFO:colcon.colcon_core.shell:Creating environment hook '/workspaces/NamedPipTest/install/share/SharedMemory1/hook/cmake_prefix_path.ps1'
[17.565s] INFO:colcon.colcon_core.shell:Creating environment descriptor '/workspaces/NamedPipTest/install/share/SharedMemory1/hook/cmake_prefix_path.dsv'
[17.576s] INFO:colcon.colcon_core.shell:Creating environment hook '/workspaces/NamedPipTest/install/share/SharedMemory1/hook/cmake_prefix_path.sh'
[17.590s] Level 1:colcon.colcon_core.environment:checking '/workspaces/NamedPipTest/install/lib'
[17.594s] Level 1:colcon.colcon_core.environment:checking '/workspaces/NamedPipTest/install/bin'
[17.595s] Level 1:colcon.colcon_core.environment:checking '/workspaces/NamedPipTest/install/lib/pkgconfig/SharedMemory1.pc'
[17.596s] Level 1:colcon.colcon_core.environment:checking '/workspaces/NamedPipTest/install/lib/python3.10/site-packages'
[17.598s] Level 1:colcon.colcon_core.environment:checking '/workspaces/NamedPipTest/install/bin'
[17.599s] INFO:colcon.colcon_core.shell:Creating package script '/workspaces/NamedPipTest/install/share/SharedMemory1/package.ps1'
[17.608s] INFO:colcon.colcon_core.shell:Creating package descriptor '/workspaces/NamedPipTest/install/share/SharedMemory1/package.dsv'
[17.618s] INFO:colcon.colcon_core.shell:Creating package script '/workspaces/NamedPipTest/install/share/SharedMemory1/package.sh'
[17.627s] INFO:colcon.colcon_core.shell:Creating package script '/workspaces/NamedPipTest/install/share/SharedMemory1/package.bash'
[17.636s] INFO:colcon.colcon_core.shell:Creating package script '/workspaces/NamedPipTest/install/share/SharedMemory1/package.zsh'
[17.645s] Level 1:colcon.colcon_core.environment:create_file_with_runtime_dependencies(/workspaces/NamedPipTest/install/share/colcon-core/packages/SharedMemory1)
[17.654s] DEBUG:colcon.colcon_parallel_executor.executor.parallel:closing loop
[17.654s] DEBUG:colcon.colcon_parallel_executor.executor.parallel:loop closed
[17.655s] DEBUG:colcon.colcon_parallel_executor.executor.parallel:run_until_complete finished with '0'
[17.655s] DEBUG:colcon.colcon_core.event_reactor:joining thread
[17.673s] INFO:colcon.colcon_core.plugin_system:Skipping extension 'colcon_notification.desktop_notification.notify_send': Could not find 'notify-send'
[17.674s] INFO:colcon.colcon_core.plugin_system:Skipping extension 'colcon_notification.desktop_notification.terminal_notifier': Not used on non-Darwin systems
[17.674s] INFO:colcon.colcon_core.plugin_system:Skipping extension 'colcon_notification.desktop_notification.win32': Not used on non-Windows systems
[17.674s] INFO:colcon.colcon_notification.desktop_notification:Sending desktop notification using 'notify2'
[17.676s] DEBUG:colcon.colcon_notification.desktop_notification.notify2:Failed to initialize notify2: org.freedesktop.DBus.Error.Spawn.ExecFailed: /usr/bin/dbus-launch terminated abnormally without any error message
[17.677s] DEBUG:colcon.colcon_core.event_reactor:joined thread
[17.678s] INFO:colcon.colcon_core.shell:Creating prefix script '/workspaces/NamedPipTest/install/local_setup.ps1'
[17.685s] INFO:colcon.colcon_core.shell:Creating prefix util module '/workspaces/NamedPipTest/install/_local_setup_util_ps1.py'
[17.692s] INFO:colcon.colcon_core.shell:Creating prefix chain script '/workspaces/NamedPipTest/install/setup.ps1'
[17.701s] INFO:colcon.colcon_core.shell:Creating prefix script '/workspaces/NamedPipTest/install/local_setup.sh'
[17.708s] INFO:colcon.colcon_core.shell:Creating prefix util module '/workspaces/NamedPipTest/install/_local_setup_util_sh.py'
[17.713s] INFO:colcon.colcon_core.shell:Creating prefix chain script '/workspaces/NamedPipTest/install/setup.sh'
[17.723s] INFO:colcon.colcon_core.shell:Creating prefix script '/workspaces/NamedPipTest/install/local_setup.bash'
[17.729s] INFO:colcon.colcon_core.shell:Creating prefix chain script '/workspaces/NamedPipTest/install/setup.bash'
[17.738s] INFO:colcon.colcon_core.shell:Creating prefix script '/workspaces/NamedPipTest/install/local_setup.zsh'
[17.743s] INFO:colcon.colcon_core.shell:Creating prefix chain script '/workspaces/NamedPipTest/install/setup.zsh'
