[0.077s] Invoking command in '/workspaces/NamedPipTest/build/SharedMemory1': CMAKE_PREFIX_PATH=/opt/ros/humble /usr/bin/cmake --build /workspaces/NamedPipTest/build/SharedMemory1 -- -j20 -l20
[0.403s] [?1h=MSBuild version 17.8.5+b5265ef37 for .NET
[1.773s]   Determining projects to restore...
[2.330s]   All projects are up-to-date for restore.
[2.367s] [39;49m[93m/usr/lib/dotnet/sdk/8.0.105/Current/SolutionFile/ImportAfter/Microsoft.NET.Sdk.Solution.targets(36,5): warning NETSDK1194: The "--output" option isn't supported when building a solution. Specifying a solution-level output path results in all projects copying outputs to the same directory, which can lead to inconsistent builds. [/workspaces/NamedPipTest/SharedMemory1/SharedMemory1.sln]
[4.969s] [39;49m  SharedMemory1 -> /workspaces/NamedPipTest/SharedMemory1/bin/Release/net8.0/linux-x64/SharedMemory1.dll
[5.709s]   SharedMemory1 -> /workspaces/NamedPipTest/SharedMemory1/bin/
[5.741s] Built target run
[5.751s] Invoked command in '/workspaces/NamedPipTest/build/SharedMemory1' returned '0': CMAKE_PREFIX_PATH=/opt/ros/humble /usr/bin/cmake --build /workspaces/NamedPipTest/build/SharedMemory1 -- -j20 -l20
[5.801s] Invoking command in '/workspaces/NamedPipTest/build/SharedMemory1': CMAKE_PREFIX_PATH=/opt/ros/humble /usr/bin/cmake --install /workspaces/NamedPipTest/build/SharedMemory1
[5.810s] -- Install configuration: ""
[5.815s] -- Installing: /workspaces/NamedPipTest/install/share/SharedMemory1/declarations
[5.837s] -- Installing: /workspaces/NamedPipTest/install/share/SharedMemory1/declarations/Test.json
[5.890s] -- Installing: /workspaces/NamedPipTest/install/share/SharedMemory1/maps
[5.913s] -- Installing: /workspaces/NamedPipTest/install/share/SharedMemory1/maps/StaticDijkstraMap.json
[6.009s] -- Installing: /workspaces/NamedPipTest/install/share/SharedMemory1/maps/StaticESDFMap.json
[6.663s] -- Installing: /workspaces/NamedPipTest/install/lib/SharedMemory1/SharedMemory1
[12.267s] -- Installing: /workspaces/NamedPipTest/install/share/ament_index/resource_index/package_run_dependencies/SharedMemory1
[12.364s] -- Installing: /workspaces/NamedPipTest/install/share/ament_index/resource_index/parent_prefix_path/SharedMemory1
[12.441s] -- Installing: /workspaces/NamedPipTest/install/share/SharedMemory1/environment/ament_prefix_path.sh
[12.493s] -- Installing: /workspaces/NamedPipTest/install/share/SharedMemory1/environment/ament_prefix_path.dsv
[12.553s] -- Installing: /workspaces/NamedPipTest/install/share/SharedMemory1/environment/path.sh
[12.601s] -- Installing: /workspaces/NamedPipTest/install/share/SharedMemory1/environment/path.dsv
[12.655s] -- Installing: /workspaces/NamedPipTest/install/share/SharedMemory1/local_setup.bash
[12.707s] -- Installing: /workspaces/NamedPipTest/install/share/SharedMemory1/local_setup.sh
[12.755s] -- Installing: /workspaces/NamedPipTest/install/share/SharedMemory1/local_setup.zsh
[12.802s] -- Installing: /workspaces/NamedPipTest/install/share/SharedMemory1/local_setup.dsv
[12.852s] -- Installing: /workspaces/NamedPipTest/install/share/SharedMemory1/package.dsv
[12.921s] -- Installing: /workspaces/NamedPipTest/install/share/ament_index/resource_index/packages/SharedMemory1
[13.004s] -- Installing: /workspaces/NamedPipTest/install/share/SharedMemory1/cmake/SharedMemory1Config.cmake
[13.060s] -- Installing: /workspaces/NamedPipTest/install/share/SharedMemory1/cmake/SharedMemory1Config-version.cmake
[13.117s] -- Installing: /workspaces/NamedPipTest/install/share/SharedMemory1/package.xml
[13.164s] Invoked command in '/workspaces/NamedPipTest/build/SharedMemory1' returned '0': CMAKE_PREFIX_PATH=/opt/ros/humble /usr/bin/cmake --install /workspaces/NamedPipTest/build/SharedMemory1
