[0.101s] Invoking command in '/workspaces/NamedPipTest/build/SharedMemory1': CMAKE_PREFIX_PATH=${CMAKE_PREFIX_PATH}:/opt/ros/humble /usr/bin/cmake --build /workspaces/NamedPipTest/build/SharedMemory1 -- -j20 -l20
[0.357s] [?1h=MSBuild version 17.8.5+b5265ef37 for .NET
[1.448s]   Determining projects to restore...
[1.870s]   All projects are up-to-date for restore.
[1.894s] [39;49m[93m/usr/lib/dotnet/sdk/8.0.105/Current/SolutionFile/ImportAfter/Microsoft.NET.Sdk.Solution.targets(36,5): warning NETSDK1194: The "--output" option isn't supported when building a solution. Specifying a solution-level output path results in all projects copying outputs to the same directory, which can lead to inconsistent builds. [/workspaces/NamedPipTest/SharedMemory1/SharedMemory1.sln]
[4.194s] [39;49m  SharedMemory1 -> /workspaces/NamedPipTest/SharedMemory1/bin/Release/net8.0/linux-x64/SharedMemory1.dll
[4.459s]   SharedMemory1 -> /workspaces/NamedPipTest/SharedMemory1/bin/
[4.485s] Built target run
[4.494s] Invoked command in '/workspaces/NamedPipTest/build/SharedMemory1' returned '0': CMAKE_PREFIX_PATH=${CMAKE_PREFIX_PATH}:/opt/ros/humble /usr/bin/cmake --build /workspaces/NamedPipTest/build/SharedMemory1 -- -j20 -l20
[4.540s] Invoking command in '/workspaces/NamedPipTest/build/SharedMemory1': CMAKE_PREFIX_PATH=${CMAKE_PREFIX_PATH}:/opt/ros/humble /usr/bin/cmake --install /workspaces/NamedPipTest/build/SharedMemory1
[4.546s] -- Install configuration: ""
[4.552s] -- Up-to-date: /workspaces/NamedPipTest/install/share/SharedMemory1/declarations
[4.580s] -- Installing: /workspaces/NamedPipTest/install/share/SharedMemory1/declarations/Test.json
[4.652s] -- Up-to-date: /workspaces/NamedPipTest/install/share/SharedMemory1/maps
[4.672s] -- Up-to-date: /workspaces/NamedPipTest/install/share/SharedMemory1/maps/StaticDijkstraMap.json
[4.687s] -- Up-to-date: /workspaces/NamedPipTest/install/share/SharedMemory1/maps/StaticESDFMap.json
[4.701s] -- Up-to-date: /workspaces/NamedPipTest/install/lib/SharedMemory1/SharedMemory1
[4.729s] -- Up-to-date: /workspaces/NamedPipTest/install/share/ament_index/resource_index/package_run_dependencies/SharedMemory1
[4.757s] -- Up-to-date: /workspaces/NamedPipTest/install/share/ament_index/resource_index/parent_prefix_path/SharedMemory1
[4.770s] -- Up-to-date: /workspaces/NamedPipTest/install/share/SharedMemory1/environment/ament_prefix_path.sh
[4.789s] -- Up-to-date: /workspaces/NamedPipTest/install/share/SharedMemory1/environment/ament_prefix_path.dsv
[4.803s] -- Up-to-date: /workspaces/NamedPipTest/install/share/SharedMemory1/environment/path.sh
[4.822s] -- Up-to-date: /workspaces/NamedPipTest/install/share/SharedMemory1/environment/path.dsv
[4.837s] -- Up-to-date: /workspaces/NamedPipTest/install/share/SharedMemory1/local_setup.bash
[4.849s] -- Up-to-date: /workspaces/NamedPipTest/install/share/SharedMemory1/local_setup.sh
[4.860s] -- Up-to-date: /workspaces/NamedPipTest/install/share/SharedMemory1/local_setup.zsh
[4.874s] -- Up-to-date: /workspaces/NamedPipTest/install/share/SharedMemory1/local_setup.dsv
[4.888s] -- Installing: /workspaces/NamedPipTest/install/share/SharedMemory1/package.dsv
[4.941s] -- Up-to-date: /workspaces/NamedPipTest/install/share/ament_index/resource_index/packages/SharedMemory1
[4.956s] -- Up-to-date: /workspaces/NamedPipTest/install/share/SharedMemory1/cmake/SharedMemory1Config.cmake
[4.968s] -- Up-to-date: /workspaces/NamedPipTest/install/share/SharedMemory1/cmake/SharedMemory1Config-version.cmake
[4.980s] -- Up-to-date: /workspaces/NamedPipTest/install/share/SharedMemory1/package.xml
[4.989s] Invoked command in '/workspaces/NamedPipTest/build/SharedMemory1' returned '0': CMAKE_PREFIX_PATH=${CMAKE_PREFIX_PATH}:/opt/ros/humble /usr/bin/cmake --install /workspaces/NamedPipTest/build/SharedMemory1
