[0.152s] Invoking command in '/workspaces/NamedPipTest/build/SharedMemory0': CMAKE_PREFIX_PATH=${CMAKE_PREFIX_PATH}:/opt/ros/humble /usr/bin/cmake --build /workspaces/NamedPipTest/build/SharedMemory0 -- -j20 -l20
[0.481s] [?1h=MSBuild version 17.8.5+b5265ef37 for .NET
[1.592s]   Determining projects to restore...
[2.073s]   All projects are up-to-date for restore.
[2.098s] [39;49m[93m/usr/lib/dotnet/sdk/8.0.105/Current/SolutionFile/ImportAfter/Microsoft.NET.Sdk.Solution.targets(36,5): warning NETSDK1194: The "--output" option isn't supported when building a solution. Specifying a solution-level output path results in all projects copying outputs to the same directory, which can lead to inconsistent builds. [/workspaces/NamedPipTest/SharedMemory0/SharedMemory0.sln]
[8.032s] [39;49m  SharedMemory0 -> /workspaces/NamedPipTest/SharedMemory0/bin/Release/net8.0/linux-x64/SharedMemory0.dll
[10.306s]   SharedMemory0 -> /workspaces/NamedPipTest/SharedMemory0/bin/
[10.333s] Built target run
[10.347s] Invoked command in '/workspaces/NamedPipTest/build/SharedMemory0' returned '0': CMAKE_PREFIX_PATH=${CMAKE_PREFIX_PATH}:/opt/ros/humble /usr/bin/cmake --build /workspaces/NamedPipTest/build/SharedMemory0 -- -j20 -l20
[10.401s] Invoking command in '/workspaces/NamedPipTest/build/SharedMemory0': CMAKE_PREFIX_PATH=${CMAKE_PREFIX_PATH}:/opt/ros/humble /usr/bin/cmake --install /workspaces/NamedPipTest/build/SharedMemory0
[10.409s] -- Install configuration: ""
[10.418s] -- Up-to-date: /workspaces/NamedPipTest/install/share/SharedMemory0/declarations
[10.443s] -- Up-to-date: /workspaces/NamedPipTest/install/share/SharedMemory0/declarations/Test.json
[10.457s] -- Up-to-date: /workspaces/NamedPipTest/install/share/SharedMemory0/maps
[10.482s] -- Up-to-date: /workspaces/NamedPipTest/install/share/SharedMemory0/maps/StaticDijkstraMap.json
[10.500s] -- Up-to-date: /workspaces/NamedPipTest/install/share/SharedMemory0/maps/StaticESDFMap.json
[10.515s] -- Installing: /workspaces/NamedPipTest/install/lib/SharedMemory0/SharedMemory0
[16.106s] -- Up-to-date: /workspaces/NamedPipTest/install/share/ament_index/resource_index/package_run_dependencies/SharedMemory0
[16.131s] -- Up-to-date: /workspaces/NamedPipTest/install/share/ament_index/resource_index/parent_prefix_path/SharedMemory0
[16.142s] -- Up-to-date: /workspaces/NamedPipTest/install/share/SharedMemory0/environment/ament_prefix_path.sh
[16.157s] -- Up-to-date: /workspaces/NamedPipTest/install/share/SharedMemory0/environment/ament_prefix_path.dsv
[16.165s] -- Up-to-date: /workspaces/NamedPipTest/install/share/SharedMemory0/environment/path.sh
[16.181s] -- Up-to-date: /workspaces/NamedPipTest/install/share/SharedMemory0/environment/path.dsv
[16.193s] -- Up-to-date: /workspaces/NamedPipTest/install/share/SharedMemory0/local_setup.bash
[16.206s] -- Up-to-date: /workspaces/NamedPipTest/install/share/SharedMemory0/local_setup.sh
[16.220s] -- Up-to-date: /workspaces/NamedPipTest/install/share/SharedMemory0/local_setup.zsh
[16.233s] -- Up-to-date: /workspaces/NamedPipTest/install/share/SharedMemory0/local_setup.dsv
[16.247s] -- Installing: /workspaces/NamedPipTest/install/share/SharedMemory0/package.dsv
[16.303s] -- Up-to-date: /workspaces/NamedPipTest/install/share/ament_index/resource_index/packages/SharedMemory0
[16.320s] -- Up-to-date: /workspaces/NamedPipTest/install/share/SharedMemory0/cmake/SharedMemory0Config.cmake
[16.332s] -- Up-to-date: /workspaces/NamedPipTest/install/share/SharedMemory0/cmake/SharedMemory0Config-version.cmake
[16.346s] -- Up-to-date: /workspaces/NamedPipTest/install/share/SharedMemory0/package.xml
[16.354s] Invoked command in '/workspaces/NamedPipTest/build/SharedMemory0' returned '0': CMAKE_PREFIX_PATH=${CMAKE_PREFIX_PATH}:/opt/ros/humble /usr/bin/cmake --install /workspaces/NamedPipTest/build/SharedMemory0
