[0.046s] Invoking command in '/workspaces/NamedPipTest/build/SharedMemory1': CMAKE_PREFIX_PATH=/opt/ros/humble /usr/bin/cmake /workspaces/NamedPipTest/SharedMemory1 -DCMAKE_INSTALL_PREFIX=/workspaces/NamedPipTest/install
[0.352s] -- The C compiler identification is GNU 11.4.0
[0.605s] -- The CXX compiler identification is GNU 11.4.0
[0.662s] -- Detecting C compiler ABI info
[1.196s] -- Detecting C compiler ABI info - done
[1.223s] -- Check for working C compiler: /usr/bin/cc - skipped
[1.224s] -- Detecting C compile features
[1.228s] -- Detecting C compile features - done
[1.279s] -- Detecting CXX compiler ABI info
[1.807s] -- Detecting CXX compiler ABI info - done
[1.832s] -- Check for working CXX compiler: /usr/bin/c++ - skipped
[1.835s] -- Detecting CXX compile features
[1.838s] -- Detecting CXX compile features - done
[1.906s] -- Found ament_cmake: 1.3.8 (/opt/ros/humble/share/ament_cmake/cmake)
[2.030s] -- Found Python3: /usr/bin/python3 (found version "3.10.12") found components: Interpreter 
[2.304s] WARNING: Package name "SharedMemory1" does not follow the naming conventions. It should start with a lower case letter and only contain lower case letters, digits, underscores, and dashes.
[2.647s] -- Configuring done
[2.983s] -- Generating done
[3.071s] -- Build files have been written to: /workspaces/NamedPipTest/build/SharedMemory1
[3.076s] Invoked command in '/workspaces/NamedPipTest/build/SharedMemory1' returned '0': CMAKE_PREFIX_PATH=/opt/ros/humble /usr/bin/cmake /workspaces/NamedPipTest/SharedMemory1 -DCMAKE_INSTALL_PREFIX=/workspaces/NamedPipTest/install
[3.087s] Invoking command in '/workspaces/NamedPipTest/build/SharedMemory1': CMAKE_PREFIX_PATH=/opt/ros/humble /usr/bin/cmake --build /workspaces/NamedPipTest/build/SharedMemory1 -- -j20 -l20
[3.366s] [?1h=MSBuild version 17.8.5+b5265ef37 for .NET
[4.514s]   Determining projects to restore...
[5.382s]   Restored /workspaces/NamedPipTest/SharedMemory1/SharedMemory1.csproj (in 318 ms).
[5.415s] [39;49m[93m/usr/lib/dotnet/sdk/8.0.105/Current/SolutionFile/ImportAfter/Microsoft.NET.Sdk.Solution.targets(36,5): warning NETSDK1194: The "--output" option isn't supported when building a solution. Specifying a solution-level output path results in all projects copying outputs to the same directory, which can lead to inconsistent builds. [/workspaces/NamedPipTest/SharedMemory1/SharedMemory1.sln]
[16.385s] [39;49m  SharedMemory1 -> /workspaces/NamedPipTest/SharedMemory1/bin/Release/net8.0/linux-x64/SharedMemory1.dll
[18.455s]   SharedMemory1 -> /workspaces/NamedPipTest/SharedMemory1/bin/
[18.483s] Built target run
[18.493s] Invoked command in '/workspaces/NamedPipTest/build/SharedMemory1' returned '0': CMAKE_PREFIX_PATH=/opt/ros/humble /usr/bin/cmake --build /workspaces/NamedPipTest/build/SharedMemory1 -- -j20 -l20
[18.568s] Invoking command in '/workspaces/NamedPipTest/build/SharedMemory1': CMAKE_PREFIX_PATH=/opt/ros/humble /usr/bin/cmake --install /workspaces/NamedPipTest/build/SharedMemory1
[18.586s] -- Install configuration: ""
[18.589s] [31mCMake Error at cmake_install.cmake:46 (file):
[18.590s]   file INSTALL cannot find
[18.591s]   "/workspaces/NamedPipTest/SharedMemory1/declarations": No such file or
[18.592s]   directory.
[18.593s] 
[18.594s] [0m
[18.596s] Invoked command in '/workspaces/NamedPipTest/build/SharedMemory1' returned '1': CMAKE_PREFIX_PATH=/opt/ros/humble /usr/bin/cmake --install /workspaces/NamedPipTest/build/SharedMemory1
