[0.134s] DEBUG:colcon:Command line arguments: ['/usr/bin/colcon', 'build', '--merge-install']
[0.134s] DEBUG:colcon:Parsed command line arguments: Namespace(log_base=None, log_level=None, verb_name='build', build_base='build', install_base='install', merge_install=True, symlink_install=False, test_result_base=None, continue_on_error=False, executor='parallel', parallel_workers=20, event_handlers=None, ignore_user_meta=False, metas=['./colcon.meta'], base_paths=['.'], packages_ignore=None, packages_ignore_regex=None, paths=None, packages_up_to=None, packages_up_to_regex=None, packages_above=None, packages_above_and_dependencies=None, packages_above_depth=None, packages_select_by_dep=None, packages_skip_by_dep=None, packages_skip_up_to=None, packages_select_build_failed=False, packages_skip_build_finished=False, packages_select_test_failures=False, packages_skip_test_passed=False, packages_select=None, packages_skip=None, packages_select_regex=None, packages_skip_regex=None, packages_start=None, packages_end=None, cmake_args=None, cmake_target=None, cmake_target_skip_unavailable=False, cmake_clean_cache=False, cmake_clean_first=False, cmake_force_configure=False, ament_cmake_args=None, catkin_cmake_args=None, catkin_skip_building_tests=False, mixin_files=None, mixin=None, verb_parser=<colcon_mixin.mixin.mixin_argument.MixinArgumentDecorator object at 0x7f1d6fb1e710>, verb_extension=<colcon_core.verb.build.BuildVerb object at 0x7f1d6fb1e1d0>, main=<bound method BuildVerb.main of <colcon_core.verb.build.BuildVerb object at 0x7f1d6fb1e1d0>>, mixin_verb=('build',))
[0.239s] Level 1:colcon.colcon_core.package_discovery:discover_packages(colcon_meta) check parameters
[0.240s] INFO:colcon.colcon_metadata.package_discovery.colcon_meta:Using configuration from '/root/.colcon/metadata/default/Gazebo.meta'
[0.241s] INFO:colcon.colcon_metadata.package_discovery.colcon_meta:Using configuration from '/root/.colcon/metadata/default/fastrtps.meta'
[0.242s] Level 1:colcon.colcon_core.package_discovery:discover_packages(recursive) check parameters
[0.242s] Level 1:colcon.colcon_core.package_discovery:discover_packages(ignore) check parameters
[0.243s] Level 1:colcon.colcon_core.package_discovery:discover_packages(path) check parameters
[0.243s] Level 1:colcon.colcon_core.package_discovery:discover_packages(colcon_meta) discover
[0.243s] Level 1:colcon.colcon_core.package_discovery:discover_packages(recursive) discover
[0.244s] INFO:colcon.colcon_core.package_discovery:Crawling recursively for packages in '/workspaces/NamedPipTest'
[0.245s] Level 1:colcon.colcon_core.package_identification:_identify(.) by extensions ['ignore', 'ignore_ament_install']
[0.245s] Level 1:colcon.colcon_core.package_identification:_identify(.) by extension 'ignore'
[0.246s] Level 1:colcon.colcon_core.package_identification:_identify(.) by extension 'ignore_ament_install'
[0.246s] Level 1:colcon.colcon_core.package_identification:_identify(.) by extensions ['colcon_pkg']
[0.247s] Level 1:colcon.colcon_core.package_identification:_identify(.) by extension 'colcon_pkg'
[0.247s] Level 1:colcon.colcon_core.package_identification:_identify(.) by extensions ['colcon_meta']
[0.247s] Level 1:colcon.colcon_core.package_identification:_identify(.) by extension 'colcon_meta'
[0.248s] Level 1:colcon.colcon_core.package_identification:_identify(.) by extensions ['ros']
[0.248s] Level 1:colcon.colcon_core.package_identification:_identify(.) by extension 'ros'
[0.259s] Level 1:colcon.colcon_core.package_identification:_identify(.) by extensions ['cmake', 'python']
[0.259s] Level 1:colcon.colcon_core.package_identification:_identify(.) by extension 'cmake'
[0.260s] Level 1:colcon.colcon_core.package_identification:_identify(.) by extension 'python'
[0.260s] Level 1:colcon.colcon_core.package_identification:_identify(.) by extensions ['python_setup_py']
[0.261s] Level 1:colcon.colcon_core.package_identification:_identify(.) by extension 'python_setup_py'
[0.263s] Level 1:colcon.colcon_core.package_identification:_identify(SharedMemory0) by extensions ['ignore', 'ignore_ament_install']
[0.264s] Level 1:colcon.colcon_core.package_identification:_identify(SharedMemory0) by extension 'ignore'
[0.265s] Level 1:colcon.colcon_core.package_identification:_identify(SharedMemory0) by extension 'ignore_ament_install'
[0.266s] Level 1:colcon.colcon_core.package_identification:_identify(SharedMemory0) by extensions ['colcon_pkg']
[0.266s] Level 1:colcon.colcon_core.package_identification:_identify(SharedMemory0) by extension 'colcon_pkg'
[0.267s] Level 1:colcon.colcon_core.package_identification:_identify(SharedMemory0) by extensions ['colcon_meta']
[0.267s] Level 1:colcon.colcon_core.package_identification:_identify(SharedMemory0) by extension 'colcon_meta'
[0.268s] Level 1:colcon.colcon_core.package_identification:_identify(SharedMemory0) by extensions ['ros']
[0.268s] Level 1:colcon.colcon_core.package_identification:_identify(SharedMemory0) by extension 'ros'
[0.280s] DEBUG:colcon.colcon_core.package_identification:Package 'SharedMemory0' with type 'ros.ament_cmake' and name 'SharedMemory0'
[0.283s] Level 1:colcon.colcon_core.package_identification:_identify(SharedMemory1) by extensions ['ignore', 'ignore_ament_install']
[0.283s] Level 1:colcon.colcon_core.package_identification:_identify(SharedMemory1) by extension 'ignore'
[0.284s] Level 1:colcon.colcon_core.package_identification:_identify(SharedMemory1) by extension 'ignore_ament_install'
[0.286s] Level 1:colcon.colcon_core.package_identification:_identify(SharedMemory1) by extensions ['colcon_pkg']
[0.286s] Level 1:colcon.colcon_core.package_identification:_identify(SharedMemory1) by extension 'colcon_pkg'
[0.287s] Level 1:colcon.colcon_core.package_identification:_identify(SharedMemory1) by extensions ['colcon_meta']
[0.287s] Level 1:colcon.colcon_core.package_identification:_identify(SharedMemory1) by extension 'colcon_meta'
[0.288s] Level 1:colcon.colcon_core.package_identification:_identify(SharedMemory1) by extensions ['ros']
[0.288s] Level 1:colcon.colcon_core.package_identification:_identify(SharedMemory1) by extension 'ros'
[0.297s] DEBUG:colcon.colcon_core.package_identification:Package 'SharedMemory1' with type 'ros.ament_cmake' and name 'SharedMemory1'
[0.300s] Level 1:colcon.colcon_core.package_identification:_identify(build) by extensions ['ignore', 'ignore_ament_install']
[0.300s] Level 1:colcon.colcon_core.package_identification:_identify(build) by extension 'ignore'
[0.301s] Level 1:colcon.colcon_core.package_identification:_identify(build) ignored
[0.303s] Level 1:colcon.colcon_core.package_identification:_identify(install) by extensions ['ignore', 'ignore_ament_install']
[0.303s] Level 1:colcon.colcon_core.package_identification:_identify(install) by extension 'ignore'
[0.304s] Level 1:colcon.colcon_core.package_identification:_identify(install) ignored
[0.308s] Level 1:colcon.colcon_core.package_identification:_identify(log) by extensions ['ignore', 'ignore_ament_install']
[0.309s] Level 1:colcon.colcon_core.package_identification:_identify(log) by extension 'ignore'
[0.309s] Level 1:colcon.colcon_core.package_identification:_identify(log) ignored
[0.310s] Level 1:colcon.colcon_core.package_discovery:discover_packages(recursive) using defaults
[0.310s] Level 1:colcon.colcon_core.package_discovery:discover_packages(ignore) discover
[0.310s] Level 1:colcon.colcon_core.package_discovery:discover_packages(ignore) using defaults
[0.310s] Level 1:colcon.colcon_core.package_discovery:discover_packages(path) discover
[0.311s] Level 1:colcon.colcon_core.package_discovery:discover_packages(path) using defaults
[0.332s] Level 5:colcon.colcon_core.verb:set package 'SharedMemory0' build argument 'cmake_args' from command line to 'None'
[0.332s] Level 5:colcon.colcon_core.verb:set package 'SharedMemory0' build argument 'cmake_target' from command line to 'None'
[0.333s] Level 5:colcon.colcon_core.verb:set package 'SharedMemory0' build argument 'cmake_target_skip_unavailable' from command line to 'False'
[0.333s] Level 5:colcon.colcon_core.verb:set package 'SharedMemory0' build argument 'cmake_clean_cache' from command line to 'False'
[0.333s] Level 5:colcon.colcon_core.verb:set package 'SharedMemory0' build argument 'cmake_clean_first' from command line to 'False'
[0.334s] Level 5:colcon.colcon_core.verb:set package 'SharedMemory0' build argument 'cmake_force_configure' from command line to 'False'
[0.334s] Level 5:colcon.colcon_core.verb:set package 'SharedMemory0' build argument 'ament_cmake_args' from command line to 'None'
[0.334s] Level 5:colcon.colcon_core.verb:set package 'SharedMemory0' build argument 'catkin_cmake_args' from command line to 'None'
[0.334s] Level 5:colcon.colcon_core.verb:set package 'SharedMemory0' build argument 'catkin_skip_building_tests' from command line to 'False'
[0.335s] DEBUG:colcon.colcon_core.verb:Building package 'SharedMemory0' with the following arguments: {'ament_cmake_args': None, 'build_base': '/workspaces/NamedPipTest/build/SharedMemory0', 'catkin_cmake_args': None, 'catkin_skip_building_tests': False, 'cmake_args': None, 'cmake_clean_cache': False, 'cmake_clean_first': False, 'cmake_force_configure': False, 'cmake_target': None, 'cmake_target_skip_unavailable': False, 'install_base': '/workspaces/NamedPipTest/install', 'merge_install': True, 'path': '/workspaces/NamedPipTest/SharedMemory0', 'symlink_install': False, 'test_result_base': None}
[0.335s] Level 5:colcon.colcon_core.verb:set package 'SharedMemory1' build argument 'cmake_args' from command line to 'None'
[0.335s] Level 5:colcon.colcon_core.verb:set package 'SharedMemory1' build argument 'cmake_target' from command line to 'None'
[0.335s] Level 5:colcon.colcon_core.verb:set package 'SharedMemory1' build argument 'cmake_target_skip_unavailable' from command line to 'False'
[0.336s] Level 5:colcon.colcon_core.verb:set package 'SharedMemory1' build argument 'cmake_clean_cache' from command line to 'False'
[0.336s] Level 5:colcon.colcon_core.verb:set package 'SharedMemory1' build argument 'cmake_clean_first' from command line to 'False'
[0.336s] Level 5:colcon.colcon_core.verb:set package 'SharedMemory1' build argument 'cmake_force_configure' from command line to 'False'
[0.336s] Level 5:colcon.colcon_core.verb:set package 'SharedMemory1' build argument 'ament_cmake_args' from command line to 'None'
[0.336s] Level 5:colcon.colcon_core.verb:set package 'SharedMemory1' build argument 'catkin_cmake_args' from command line to 'None'
[0.336s] Level 5:colcon.colcon_core.verb:set package 'SharedMemory1' build argument 'catkin_skip_building_tests' from command line to 'False'
[0.337s] DEBUG:colcon.colcon_core.verb:Building package 'SharedMemory1' with the following arguments: {'ament_cmake_args': None, 'build_base': '/workspaces/NamedPipTest/build/SharedMemory1', 'catkin_cmake_args': None, 'catkin_skip_building_tests': False, 'cmake_args': None, 'cmake_clean_cache': False, 'cmake_clean_first': False, 'cmake_force_configure': False, 'cmake_target': None, 'cmake_target_skip_unavailable': False, 'install_base': '/workspaces/NamedPipTest/install', 'merge_install': True, 'path': '/workspaces/NamedPipTest/SharedMemory1', 'symlink_install': False, 'test_result_base': None}
[0.337s] INFO:colcon.colcon_core.executor:Executing jobs using 'parallel' executor
[0.338s] DEBUG:colcon.colcon_parallel_executor.executor.parallel:run_until_complete
[0.339s] INFO:colcon.colcon_ros.task.ament_cmake.build:Building ROS package in '/workspaces/NamedPipTest/SharedMemory0' with build type 'ament_cmake'
[0.339s] INFO:colcon.colcon_cmake.task.cmake.build:Building CMake package in '/workspaces/NamedPipTest/SharedMemory0'
[0.341s] INFO:colcon.colcon_core.plugin_system:Skipping extension 'colcon_core.shell.bat': Not used on non-Windows systems
[0.342s] INFO:colcon.colcon_core.shell:Skip shell extension 'powershell' for command environment: Not usable outside of PowerShell
[0.342s] DEBUG:colcon.colcon_core.shell:Skip shell extension 'dsv' for command environment
[0.372s] INFO:colcon.colcon_ros.task.ament_cmake.build:Building ROS package in '/workspaces/NamedPipTest/SharedMemory1' with build type 'ament_cmake'
[0.373s] INFO:colcon.colcon_cmake.task.cmake.build:Building CMake package in '/workspaces/NamedPipTest/SharedMemory1'
[0.373s] INFO:colcon.colcon_core.shell:Skip shell extension 'powershell' for command environment: Not usable outside of PowerShell
[0.374s] DEBUG:colcon.colcon_core.shell:Skip shell extension 'dsv' for command environment
[0.443s] DEBUG:colcon.colcon_core.event_handler.log_command:Invoking command in '/workspaces/NamedPipTest/build/SharedMemory0': CMAKE_PREFIX_PATH=${CMAKE_PREFIX_PATH}:/opt/ros/humble /usr/bin/cmake --build /workspaces/NamedPipTest/build/SharedMemory0 -- -j20 -l20
[0.474s] DEBUG:colcon.colcon_core.event_handler.log_command:Invoking command in '/workspaces/NamedPipTest/build/SharedMemory1': CMAKE_PREFIX_PATH=${CMAKE_PREFIX_PATH}:/opt/ros/humble /usr/bin/cmake --build /workspaces/NamedPipTest/build/SharedMemory1 -- -j20 -l20
[4.867s] DEBUG:colcon.colcon_core.event_handler.log_command:Invoked command in '/workspaces/NamedPipTest/build/SharedMemory1' returned '0': CMAKE_PREFIX_PATH=${CMAKE_PREFIX_PATH}:/opt/ros/humble /usr/bin/cmake --build /workspaces/NamedPipTest/build/SharedMemory1 -- -j20 -l20
[4.913s] DEBUG:colcon.colcon_core.event_handler.log_command:Invoking command in '/workspaces/NamedPipTest/build/SharedMemory1': CMAKE_PREFIX_PATH=${CMAKE_PREFIX_PATH}:/opt/ros/humble /usr/bin/cmake --install /workspaces/NamedPipTest/build/SharedMemory1
[4.991s] DEBUG:colcon.colcon_core.event_handler.log_command:Invoked command in '/workspaces/NamedPipTest/build/SharedMemory0' returned '0': CMAKE_PREFIX_PATH=${CMAKE_PREFIX_PATH}:/opt/ros/humble /usr/bin/cmake --build /workspaces/NamedPipTest/build/SharedMemory0 -- -j20 -l20
[5.040s] DEBUG:colcon.colcon_core.event_handler.log_command:Invoking command in '/workspaces/NamedPipTest/build/SharedMemory0': CMAKE_PREFIX_PATH=${CMAKE_PREFIX_PATH}:/opt/ros/humble /usr/bin/cmake --install /workspaces/NamedPipTest/build/SharedMemory0
[5.361s] Level 1:colcon.colcon_core.environment:create_environment_scripts_only(SharedMemory1)
[5.362s] DEBUG:colcon.colcon_core.event_handler.log_command:Invoked command in '/workspaces/NamedPipTest/build/SharedMemory1' returned '0': CMAKE_PREFIX_PATH=${CMAKE_PREFIX_PATH}:/opt/ros/humble /usr/bin/cmake --install /workspaces/NamedPipTest/build/SharedMemory1
[5.363s] Level 1:colcon.colcon_core.environment:checking '/workspaces/NamedPipTest/install' for CMake module files
[5.407s] Level 1:colcon.colcon_core.environment:checking '/workspaces/NamedPipTest/install' for CMake config files
[5.451s] Level 1:colcon.colcon_core.shell:create_environment_hook('SharedMemory1', 'cmake_prefix_path')
[5.452s] INFO:colcon.colcon_core.shell:Creating environment hook '/workspaces/NamedPipTest/install/share/SharedMemory1/hook/cmake_prefix_path.ps1'
[5.461s] INFO:colcon.colcon_core.shell:Creating environment descriptor '/workspaces/NamedPipTest/install/share/SharedMemory1/hook/cmake_prefix_path.dsv'
[5.471s] INFO:colcon.colcon_core.shell:Creating environment hook '/workspaces/NamedPipTest/install/share/SharedMemory1/hook/cmake_prefix_path.sh'
[5.482s] Level 1:colcon.colcon_core.environment:checking '/workspaces/NamedPipTest/install/lib'
[5.484s] Level 1:colcon.colcon_core.environment:checking '/workspaces/NamedPipTest/install/bin'
[5.485s] Level 1:colcon.colcon_core.environment:checking '/workspaces/NamedPipTest/install/lib/pkgconfig/SharedMemory1.pc'
[5.487s] Level 1:colcon.colcon_core.environment:checking '/workspaces/NamedPipTest/install/lib/python3.10/site-packages'
[5.487s] Level 1:colcon.colcon_core.environment:checking '/workspaces/NamedPipTest/install/bin'
[5.488s] INFO:colcon.colcon_core.shell:Creating package script '/workspaces/NamedPipTest/install/share/SharedMemory1/package.ps1'
[5.496s] INFO:colcon.colcon_core.shell:Creating package descriptor '/workspaces/NamedPipTest/install/share/SharedMemory1/package.dsv'
[5.504s] INFO:colcon.colcon_core.shell:Creating package script '/workspaces/NamedPipTest/install/share/SharedMemory1/package.sh'
[5.512s] INFO:colcon.colcon_core.shell:Creating package script '/workspaces/NamedPipTest/install/share/SharedMemory1/package.bash'
[5.520s] INFO:colcon.colcon_core.shell:Creating package script '/workspaces/NamedPipTest/install/share/SharedMemory1/package.zsh'
[5.529s] Level 1:colcon.colcon_core.environment:create_file_with_runtime_dependencies(/workspaces/NamedPipTest/install/share/colcon-core/packages/SharedMemory1)
[5.543s] Level 1:colcon.colcon_core.environment:create_environment_scripts_only(SharedMemory0)
[5.544s] Level 1:colcon.colcon_core.environment:checking '/workspaces/NamedPipTest/install' for CMake module files
[5.545s] DEBUG:colcon.colcon_core.event_handler.log_command:Invoked command in '/workspaces/NamedPipTest/build/SharedMemory0' returned '0': CMAKE_PREFIX_PATH=${CMAKE_PREFIX_PATH}:/opt/ros/humble /usr/bin/cmake --install /workspaces/NamedPipTest/build/SharedMemory0
[5.590s] Level 1:colcon.colcon_core.environment:checking '/workspaces/NamedPipTest/install' for CMake config files
[5.634s] Level 1:colcon.colcon_core.shell:create_environment_hook('SharedMemory0', 'cmake_prefix_path')
[5.634s] INFO:colcon.colcon_core.shell:Creating environment hook '/workspaces/NamedPipTest/install/share/SharedMemory0/hook/cmake_prefix_path.ps1'
[5.644s] INFO:colcon.colcon_core.shell:Creating environment descriptor '/workspaces/NamedPipTest/install/share/SharedMemory0/hook/cmake_prefix_path.dsv'
[5.654s] INFO:colcon.colcon_core.shell:Creating environment hook '/workspaces/NamedPipTest/install/share/SharedMemory0/hook/cmake_prefix_path.sh'
[5.667s] Level 1:colcon.colcon_core.environment:checking '/workspaces/NamedPipTest/install/lib'
[5.669s] Level 1:colcon.colcon_core.environment:checking '/workspaces/NamedPipTest/install/bin'
[5.669s] Level 1:colcon.colcon_core.environment:checking '/workspaces/NamedPipTest/install/lib/pkgconfig/SharedMemory0.pc'
[5.670s] Level 1:colcon.colcon_core.environment:checking '/workspaces/NamedPipTest/install/lib/python3.10/site-packages'
[5.670s] Level 1:colcon.colcon_core.environment:checking '/workspaces/NamedPipTest/install/bin'
[5.671s] INFO:colcon.colcon_core.shell:Creating package script '/workspaces/NamedPipTest/install/share/SharedMemory0/package.ps1'
[5.679s] INFO:colcon.colcon_core.shell:Creating package descriptor '/workspaces/NamedPipTest/install/share/SharedMemory0/package.dsv'
[5.688s] INFO:colcon.colcon_core.shell:Creating package script '/workspaces/NamedPipTest/install/share/SharedMemory0/package.sh'
[5.696s] INFO:colcon.colcon_core.shell:Creating package script '/workspaces/NamedPipTest/install/share/SharedMemory0/package.bash'
[5.703s] INFO:colcon.colcon_core.shell:Creating package script '/workspaces/NamedPipTest/install/share/SharedMemory0/package.zsh'
[5.712s] Level 1:colcon.colcon_core.environment:create_file_with_runtime_dependencies(/workspaces/NamedPipTest/install/share/colcon-core/packages/SharedMemory0)
[5.725s] Level 1:colcon.colcon_core.environment:create_environment_scripts_only(SharedMemory1)
[5.726s] Level 1:colcon.colcon_core.environment:checking '/workspaces/NamedPipTest/install' for CMake module files
[5.776s] Level 1:colcon.colcon_core.environment:checking '/workspaces/NamedPipTest/install' for CMake config files
[5.818s] Level 1:colcon.colcon_core.shell:create_environment_hook('SharedMemory1', 'cmake_prefix_path')
[5.818s] INFO:colcon.colcon_core.shell:Creating environment hook '/workspaces/NamedPipTest/install/share/SharedMemory1/hook/cmake_prefix_path.ps1'
[5.828s] INFO:colcon.colcon_core.shell:Creating environment descriptor '/workspaces/NamedPipTest/install/share/SharedMemory1/hook/cmake_prefix_path.dsv'
[5.837s] INFO:colcon.colcon_core.shell:Creating environment hook '/workspaces/NamedPipTest/install/share/SharedMemory1/hook/cmake_prefix_path.sh'
[5.850s] Level 1:colcon.colcon_core.environment:checking '/workspaces/NamedPipTest/install/lib'
[5.852s] Level 1:colcon.colcon_core.environment:checking '/workspaces/NamedPipTest/install/bin'
[5.852s] Level 1:colcon.colcon_core.environment:checking '/workspaces/NamedPipTest/install/lib/pkgconfig/SharedMemory1.pc'
[5.853s] Level 1:colcon.colcon_core.environment:checking '/workspaces/NamedPipTest/install/lib/python3.10/site-packages'
[5.854s] Level 1:colcon.colcon_core.environment:checking '/workspaces/NamedPipTest/install/bin'
[5.854s] INFO:colcon.colcon_core.shell:Creating package script '/workspaces/NamedPipTest/install/share/SharedMemory1/package.ps1'
[5.862s] INFO:colcon.colcon_core.shell:Creating package descriptor '/workspaces/NamedPipTest/install/share/SharedMemory1/package.dsv'
[5.870s] INFO:colcon.colcon_core.shell:Creating package script '/workspaces/NamedPipTest/install/share/SharedMemory1/package.sh'
[5.877s] INFO:colcon.colcon_core.shell:Creating package script '/workspaces/NamedPipTest/install/share/SharedMemory1/package.bash'
[5.885s] INFO:colcon.colcon_core.shell:Creating package script '/workspaces/NamedPipTest/install/share/SharedMemory1/package.zsh'
[5.892s] Level 1:colcon.colcon_core.environment:create_file_with_runtime_dependencies(/workspaces/NamedPipTest/install/share/colcon-core/packages/SharedMemory1)
[5.899s] Level 1:colcon.colcon_core.environment:create_environment_scripts_only(SharedMemory0)
[5.899s] Level 1:colcon.colcon_core.environment:checking '/workspaces/NamedPipTest/install' for CMake module files
[5.943s] Level 1:colcon.colcon_core.environment:checking '/workspaces/NamedPipTest/install' for CMake config files
[5.992s] Level 1:colcon.colcon_core.shell:create_environment_hook('SharedMemory0', 'cmake_prefix_path')
[5.993s] INFO:colcon.colcon_core.shell:Creating environment hook '/workspaces/NamedPipTest/install/share/SharedMemory0/hook/cmake_prefix_path.ps1'
[6.003s] INFO:colcon.colcon_core.shell:Creating environment descriptor '/workspaces/NamedPipTest/install/share/SharedMemory0/hook/cmake_prefix_path.dsv'
[6.013s] INFO:colcon.colcon_core.shell:Creating environment hook '/workspaces/NamedPipTest/install/share/SharedMemory0/hook/cmake_prefix_path.sh'
[6.024s] Level 1:colcon.colcon_core.environment:checking '/workspaces/NamedPipTest/install/lib'
[6.026s] Level 1:colcon.colcon_core.environment:checking '/workspaces/NamedPipTest/install/bin'
[6.027s] Level 1:colcon.colcon_core.environment:checking '/workspaces/NamedPipTest/install/lib/pkgconfig/SharedMemory0.pc'
[6.027s] Level 1:colcon.colcon_core.environment:checking '/workspaces/NamedPipTest/install/lib/python3.10/site-packages'
[6.028s] Level 1:colcon.colcon_core.environment:checking '/workspaces/NamedPipTest/install/bin'
[6.028s] INFO:colcon.colcon_core.shell:Creating package script '/workspaces/NamedPipTest/install/share/SharedMemory0/package.ps1'
[6.035s] INFO:colcon.colcon_core.shell:Creating package descriptor '/workspaces/NamedPipTest/install/share/SharedMemory0/package.dsv'
[6.042s] INFO:colcon.colcon_core.shell:Creating package script '/workspaces/NamedPipTest/install/share/SharedMemory0/package.sh'
[6.050s] INFO:colcon.colcon_core.shell:Creating package script '/workspaces/NamedPipTest/install/share/SharedMemory0/package.bash'
[6.056s] INFO:colcon.colcon_core.shell:Creating package script '/workspaces/NamedPipTest/install/share/SharedMemory0/package.zsh'
[6.064s] Level 1:colcon.colcon_core.environment:create_file_with_runtime_dependencies(/workspaces/NamedPipTest/install/share/colcon-core/packages/SharedMemory0)
[6.071s] DEBUG:colcon.colcon_parallel_executor.executor.parallel:closing loop
[6.072s] DEBUG:colcon.colcon_parallel_executor.executor.parallel:loop closed
[6.072s] DEBUG:colcon.colcon_parallel_executor.executor.parallel:run_until_complete finished with '0'
[6.073s] DEBUG:colcon.colcon_core.event_reactor:joining thread
[6.089s] INFO:colcon.colcon_core.plugin_system:Skipping extension 'colcon_notification.desktop_notification.notify_send': Could not find 'notify-send'
[6.090s] INFO:colcon.colcon_core.plugin_system:Skipping extension 'colcon_notification.desktop_notification.terminal_notifier': Not used on non-Darwin systems
[6.090s] INFO:colcon.colcon_core.plugin_system:Skipping extension 'colcon_notification.desktop_notification.win32': Not used on non-Windows systems
[6.091s] INFO:colcon.colcon_notification.desktop_notification:Sending desktop notification using 'notify2'
[6.093s] DEBUG:colcon.colcon_notification.desktop_notification.notify2:Failed to initialize notify2: org.freedesktop.DBus.Error.Spawn.ExecFailed: /usr/bin/dbus-launch terminated abnormally without any error message
[6.093s] DEBUG:colcon.colcon_core.event_reactor:joined thread
[6.094s] INFO:colcon.colcon_core.shell:Creating prefix script '/workspaces/NamedPipTest/install/local_setup.ps1'
[6.099s] INFO:colcon.colcon_core.shell:Creating prefix util module '/workspaces/NamedPipTest/install/_local_setup_util_ps1.py'
[6.104s] INFO:colcon.colcon_core.shell:Creating prefix chain script '/workspaces/NamedPipTest/install/setup.ps1'
[6.111s] INFO:colcon.colcon_core.shell:Creating prefix script '/workspaces/NamedPipTest/install/local_setup.sh'
[6.115s] INFO:colcon.colcon_core.shell:Creating prefix util module '/workspaces/NamedPipTest/install/_local_setup_util_sh.py'
[6.119s] INFO:colcon.colcon_core.shell:Creating prefix chain script '/workspaces/NamedPipTest/install/setup.sh'
[6.125s] INFO:colcon.colcon_core.shell:Creating prefix script '/workspaces/NamedPipTest/install/local_setup.bash'
[6.129s] INFO:colcon.colcon_core.shell:Creating prefix chain script '/workspaces/NamedPipTest/install/setup.bash'
[6.134s] INFO:colcon.colcon_core.shell:Creating prefix script '/workspaces/NamedPipTest/install/local_setup.zsh'
[6.138s] INFO:colcon.colcon_core.shell:Creating prefix chain script '/workspaces/NamedPipTest/install/setup.zsh'
