[0.145s] Invoking command in '/workspaces/NamedPipTest/build/SharedMemory1': CMAKE_PREFIX_PATH=${CMAKE_PREFIX_PATH}:/opt/ros/humble /usr/bin/cmake --build /workspaces/NamedPipTest/build/SharedMemory1 -- -j20 -l20
[0.472s] [?1h=MSBuild version 17.8.5+b5265ef37 for .NET
[1.604s]   Determining projects to restore...
[2.052s]   All projects are up-to-date for restore.
[2.074s] [39;49m[93m/usr/lib/dotnet/sdk/8.0.105/Current/SolutionFile/ImportAfter/Microsoft.NET.Sdk.Solution.targets(36,5): warning NETSDK1194: The "--output" option isn't supported when building a solution. Specifying a solution-level output path results in all projects copying outputs to the same directory, which can lead to inconsistent builds. [/workspaces/NamedPipTest/SharedMemory1/SharedMemory1.sln]
[8.000s] [39;49m  SharedMemory1 -> /workspaces/NamedPipTest/SharedMemory1/bin/Release/net8.0/linux-x64/SharedMemory1.dll
[10.278s]   SharedMemory1 -> /workspaces/NamedPipTest/SharedMemory1/bin/
[10.308s] Built target run
[10.318s] Invoked command in '/workspaces/NamedPipTest/build/SharedMemory1' returned '0': CMAKE_PREFIX_PATH=${CMAKE_PREFIX_PATH}:/opt/ros/humble /usr/bin/cmake --build /workspaces/NamedPipTest/build/SharedMemory1 -- -j20 -l20
[10.364s] Invoking command in '/workspaces/NamedPipTest/build/SharedMemory1': CMAKE_PREFIX_PATH=${CMAKE_PREFIX_PATH}:/opt/ros/humble /usr/bin/cmake --install /workspaces/NamedPipTest/build/SharedMemory1
[10.373s] -- Install configuration: ""
[10.381s] -- Up-to-date: /workspaces/NamedPipTest/install/share/SharedMemory1/declarations
[10.406s] -- Up-to-date: /workspaces/NamedPipTest/install/share/SharedMemory1/declarations/Test.json
[10.418s] -- Up-to-date: /workspaces/NamedPipTest/install/share/SharedMemory1/maps
[10.442s] -- Up-to-date: /workspaces/NamedPipTest/install/share/SharedMemory1/maps/StaticDijkstraMap.json
[10.459s] -- Up-to-date: /workspaces/NamedPipTest/install/share/SharedMemory1/maps/StaticESDFMap.json
[10.474s] -- Installing: /workspaces/NamedPipTest/install/lib/SharedMemory1/SharedMemory1
[16.078s] -- Up-to-date: /workspaces/NamedPipTest/install/share/ament_index/resource_index/package_run_dependencies/SharedMemory1
[16.103s] -- Up-to-date: /workspaces/NamedPipTest/install/share/ament_index/resource_index/parent_prefix_path/SharedMemory1
[16.113s] -- Up-to-date: /workspaces/NamedPipTest/install/share/SharedMemory1/environment/ament_prefix_path.sh
[16.128s] -- Up-to-date: /workspaces/NamedPipTest/install/share/SharedMemory1/environment/ament_prefix_path.dsv
[16.137s] -- Up-to-date: /workspaces/NamedPipTest/install/share/SharedMemory1/environment/path.sh
[16.151s] -- Up-to-date: /workspaces/NamedPipTest/install/share/SharedMemory1/environment/path.dsv
[16.166s] -- Up-to-date: /workspaces/NamedPipTest/install/share/SharedMemory1/local_setup.bash
[16.179s] -- Up-to-date: /workspaces/NamedPipTest/install/share/SharedMemory1/local_setup.sh
[16.193s] -- Up-to-date: /workspaces/NamedPipTest/install/share/SharedMemory1/local_setup.zsh
[16.207s] -- Up-to-date: /workspaces/NamedPipTest/install/share/SharedMemory1/local_setup.dsv
[16.219s] -- Installing: /workspaces/NamedPipTest/install/share/SharedMemory1/package.dsv
[16.276s] -- Up-to-date: /workspaces/NamedPipTest/install/share/ament_index/resource_index/packages/SharedMemory1
[16.292s] -- Up-to-date: /workspaces/NamedPipTest/install/share/SharedMemory1/cmake/SharedMemory1Config.cmake
[16.304s] -- Up-to-date: /workspaces/NamedPipTest/install/share/SharedMemory1/cmake/SharedMemory1Config-version.cmake
[16.320s] -- Up-to-date: /workspaces/NamedPipTest/install/share/SharedMemory1/package.xml
[16.556s] Invoked command in '/workspaces/NamedPipTest/build/SharedMemory1' returned '0': CMAKE_PREFIX_PATH=${CMAKE_PREFIX_PATH}:/opt/ros/humble /usr/bin/cmake --install /workspaces/NamedPipTest/build/SharedMemory1
