[0.131s] Invoking command in '/workspaces/NamedPipTest/build/SharedMemory0': CMAKE_PREFIX_PATH=${CMAKE_PREFIX_PATH}:/opt/ros/humble /usr/bin/cmake --build /workspaces/NamedPipTest/build/SharedMemory0 -- -j20 -l20
[0.414s] [?1h=MSBuild version 17.8.5+b5265ef37 for .NET
[1.546s]   Determining projects to restore...
[1.994s]   All projects are up-to-date for restore.
[2.021s] [39;49m[93m/usr/lib/dotnet/sdk/8.0.105/Current/SolutionFile/ImportAfter/Microsoft.NET.Sdk.Solution.targets(36,5): warning NETSDK1194: The "--output" option isn't supported when building a solution. Specifying a solution-level output path results in all projects copying outputs to the same directory, which can lead to inconsistent builds. [/workspaces/NamedPipTest/SharedMemory0/SharedMemory0.sln]
[4.308s] [39;49m  SharedMemory0 -> /workspaces/NamedPipTest/SharedMemory0/bin/Release/net8.0/linux-x64/SharedMemory0.dll
[4.646s]   SharedMemory0 -> /workspaces/NamedPipTest/SharedMemory0/bin/
[4.668s] Built target run
[4.677s] Invoked command in '/workspaces/NamedPipTest/build/SharedMemory0' returned '0': CMAKE_PREFIX_PATH=${CMAKE_PREFIX_PATH}:/opt/ros/humble /usr/bin/cmake --build /workspaces/NamedPipTest/build/SharedMemory0 -- -j20 -l20
[4.717s] Invoking command in '/workspaces/NamedPipTest/build/SharedMemory0': CMAKE_PREFIX_PATH=${CMAKE_PREFIX_PATH}:/opt/ros/humble /usr/bin/cmake --install /workspaces/NamedPipTest/build/SharedMemory0
[4.725s] -- Install configuration: ""
[4.731s] -- Up-to-date: /workspaces/NamedPipTest/install/share/SharedMemory0/declarations
[4.753s] -- Installing: /workspaces/NamedPipTest/install/share/SharedMemory0/declarations/Test.json
[4.806s] -- Up-to-date: /workspaces/NamedPipTest/install/share/SharedMemory0/maps
[4.824s] -- Up-to-date: /workspaces/NamedPipTest/install/share/SharedMemory0/maps/StaticDijkstraMap.json
[4.840s] -- Up-to-date: /workspaces/NamedPipTest/install/share/SharedMemory0/maps/StaticESDFMap.json
[4.860s] -- Up-to-date: /workspaces/NamedPipTest/install/lib/SharedMemory0/SharedMemory0
[4.885s] -- Up-to-date: /workspaces/NamedPipTest/install/share/ament_index/resource_index/package_run_dependencies/SharedMemory0
[4.914s] -- Up-to-date: /workspaces/NamedPipTest/install/share/ament_index/resource_index/parent_prefix_path/SharedMemory0
[4.926s] -- Up-to-date: /workspaces/NamedPipTest/install/share/SharedMemory0/environment/ament_prefix_path.sh
[4.943s] -- Up-to-date: /workspaces/NamedPipTest/install/share/SharedMemory0/environment/ament_prefix_path.dsv
[4.953s] -- Up-to-date: /workspaces/NamedPipTest/install/share/SharedMemory0/environment/path.sh
[4.970s] -- Up-to-date: /workspaces/NamedPipTest/install/share/SharedMemory0/environment/path.dsv
[4.984s] -- Up-to-date: /workspaces/NamedPipTest/install/share/SharedMemory0/local_setup.bash
[4.998s] -- Up-to-date: /workspaces/NamedPipTest/install/share/SharedMemory0/local_setup.sh
[5.013s] -- Up-to-date: /workspaces/NamedPipTest/install/share/SharedMemory0/local_setup.zsh
[5.026s] -- Up-to-date: /workspaces/NamedPipTest/install/share/SharedMemory0/local_setup.dsv
[5.040s] -- Installing: /workspaces/NamedPipTest/install/share/SharedMemory0/package.dsv
[5.098s] -- Up-to-date: /workspaces/NamedPipTest/install/share/ament_index/resource_index/packages/SharedMemory0
[5.117s] -- Up-to-date: /workspaces/NamedPipTest/install/share/SharedMemory0/cmake/SharedMemory0Config.cmake
[5.128s] -- Up-to-date: /workspaces/NamedPipTest/install/share/SharedMemory0/cmake/SharedMemory0Config-version.cmake
[5.140s] -- Up-to-date: /workspaces/NamedPipTest/install/share/SharedMemory0/package.xml
[5.323s] Invoked command in '/workspaces/NamedPipTest/build/SharedMemory0' returned '0': CMAKE_PREFIX_PATH=${CMAKE_PREFIX_PATH}:/opt/ros/humble /usr/bin/cmake --install /workspaces/NamedPipTest/build/SharedMemory0
