[0.126s] DEBUG:colcon:Command line arguments: ['/usr/bin/colcon', 'build', '--merge-install']
[0.127s] DEBUG:colcon:Parsed command line arguments: Namespace(log_base=None, log_level=None, verb_name='build', build_base='build', install_base='install', merge_install=True, symlink_install=False, test_result_base=None, continue_on_error=False, executor='parallel', parallel_workers=20, event_handlers=None, ignore_user_meta=False, metas=['./colcon.meta'], base_paths=['.'], packages_ignore=None, packages_ignore_regex=None, paths=None, packages_up_to=None, packages_up_to_regex=None, packages_above=None, packages_above_and_dependencies=None, packages_above_depth=None, packages_select_by_dep=None, packages_skip_by_dep=None, packages_skip_up_to=None, packages_select_build_failed=False, packages_skip_build_finished=False, packages_select_test_failures=False, packages_skip_test_passed=False, packages_select=None, packages_skip=None, packages_select_regex=None, packages_skip_regex=None, packages_start=None, packages_end=None, cmake_args=None, cmake_target=None, cmake_target_skip_unavailable=False, cmake_clean_cache=False, cmake_clean_first=False, cmake_force_configure=False, ament_cmake_args=None, catkin_cmake_args=None, catkin_skip_building_tests=False, mixin_files=None, mixin=None, verb_parser=<colcon_mixin.mixin.mixin_argument.MixinArgumentDecorator object at 0x7fcb3c96a740>, verb_extension=<colcon_core.verb.build.BuildVerb object at 0x7fcb3c96a200>, main=<bound method BuildVerb.main of <colcon_core.verb.build.BuildVerb object at 0x7fcb3c96a200>>, mixin_verb=('build',))
[0.222s] Level 1:colcon.colcon_core.package_discovery:discover_packages(colcon_meta) check parameters
[0.223s] INFO:colcon.colcon_metadata.package_discovery.colcon_meta:Using configuration from '/root/.colcon/metadata/default/Gazebo.meta'
[0.224s] INFO:colcon.colcon_metadata.package_discovery.colcon_meta:Using configuration from '/root/.colcon/metadata/default/fastrtps.meta'
[0.225s] Level 1:colcon.colcon_core.package_discovery:discover_packages(recursive) check parameters
[0.226s] Level 1:colcon.colcon_core.package_discovery:discover_packages(ignore) check parameters
[0.226s] Level 1:colcon.colcon_core.package_discovery:discover_packages(path) check parameters
[0.227s] Level 1:colcon.colcon_core.package_discovery:discover_packages(colcon_meta) discover
[0.227s] Level 1:colcon.colcon_core.package_discovery:discover_packages(recursive) discover
[0.227s] INFO:colcon.colcon_core.package_discovery:Crawling recursively for packages in '/workspaces/NamedPipTest'
[0.229s] Level 1:colcon.colcon_core.package_identification:_identify(.) by extensions ['ignore', 'ignore_ament_install']
[0.229s] Level 1:colcon.colcon_core.package_identification:_identify(.) by extension 'ignore'
[0.230s] Level 1:colcon.colcon_core.package_identification:_identify(.) by extension 'ignore_ament_install'
[0.230s] Level 1:colcon.colcon_core.package_identification:_identify(.) by extensions ['colcon_pkg']
[0.231s] Level 1:colcon.colcon_core.package_identification:_identify(.) by extension 'colcon_pkg'
[0.231s] Level 1:colcon.colcon_core.package_identification:_identify(.) by extensions ['colcon_meta']
[0.231s] Level 1:colcon.colcon_core.package_identification:_identify(.) by extension 'colcon_meta'
[0.231s] Level 1:colcon.colcon_core.package_identification:_identify(.) by extensions ['ros']
[0.232s] Level 1:colcon.colcon_core.package_identification:_identify(.) by extension 'ros'
[0.242s] Level 1:colcon.colcon_core.package_identification:_identify(.) by extensions ['cmake', 'python']
[0.242s] Level 1:colcon.colcon_core.package_identification:_identify(.) by extension 'cmake'
[0.243s] Level 1:colcon.colcon_core.package_identification:_identify(.) by extension 'python'
[0.243s] Level 1:colcon.colcon_core.package_identification:_identify(.) by extensions ['python_setup_py']
[0.243s] Level 1:colcon.colcon_core.package_identification:_identify(.) by extension 'python_setup_py'
[0.246s] Level 1:colcon.colcon_core.package_identification:_identify(SharedMemory0) by extensions ['ignore', 'ignore_ament_install']
[0.247s] Level 1:colcon.colcon_core.package_identification:_identify(SharedMemory0) by extension 'ignore'
[0.247s] Level 1:colcon.colcon_core.package_identification:_identify(SharedMemory0) by extension 'ignore_ament_install'
[0.248s] Level 1:colcon.colcon_core.package_identification:_identify(SharedMemory0) by extensions ['colcon_pkg']
[0.248s] Level 1:colcon.colcon_core.package_identification:_identify(SharedMemory0) by extension 'colcon_pkg'
[0.249s] Level 1:colcon.colcon_core.package_identification:_identify(SharedMemory0) by extensions ['colcon_meta']
[0.249s] Level 1:colcon.colcon_core.package_identification:_identify(SharedMemory0) by extension 'colcon_meta'
[0.250s] Level 1:colcon.colcon_core.package_identification:_identify(SharedMemory0) by extensions ['ros']
[0.250s] Level 1:colcon.colcon_core.package_identification:_identify(SharedMemory0) by extension 'ros'
[0.260s] DEBUG:colcon.colcon_core.package_identification:Package 'SharedMemory0' with type 'ros.ament_cmake' and name 'SharedMemory0'
[0.262s] Level 1:colcon.colcon_core.package_identification:_identify(SharedMemory1) by extensions ['ignore', 'ignore_ament_install']
[0.263s] Level 1:colcon.colcon_core.package_identification:_identify(SharedMemory1) by extension 'ignore'
[0.263s] Level 1:colcon.colcon_core.package_identification:_identify(SharedMemory1) by extension 'ignore_ament_install'
[0.265s] Level 1:colcon.colcon_core.package_identification:_identify(SharedMemory1) by extensions ['colcon_pkg']
[0.265s] Level 1:colcon.colcon_core.package_identification:_identify(SharedMemory1) by extension 'colcon_pkg'
[0.266s] Level 1:colcon.colcon_core.package_identification:_identify(SharedMemory1) by extensions ['colcon_meta']
[0.266s] Level 1:colcon.colcon_core.package_identification:_identify(SharedMemory1) by extension 'colcon_meta'
[0.267s] Level 1:colcon.colcon_core.package_identification:_identify(SharedMemory1) by extensions ['ros']
[0.267s] Level 1:colcon.colcon_core.package_identification:_identify(SharedMemory1) by extension 'ros'
[0.277s] DEBUG:colcon.colcon_core.package_identification:Package 'SharedMemory1' with type 'ros.ament_cmake' and name 'SharedMemory1'
[0.280s] Level 1:colcon.colcon_core.package_identification:_identify(build) by extensions ['ignore', 'ignore_ament_install']
[0.280s] Level 1:colcon.colcon_core.package_identification:_identify(build) by extension 'ignore'
[0.282s] Level 1:colcon.colcon_core.package_identification:_identify(build) ignored
[0.285s] Level 1:colcon.colcon_core.package_identification:_identify(install) by extensions ['ignore', 'ignore_ament_install']
[0.285s] Level 1:colcon.colcon_core.package_identification:_identify(install) by extension 'ignore'
[0.287s] Level 1:colcon.colcon_core.package_identification:_identify(install) ignored
[0.292s] Level 1:colcon.colcon_core.package_identification:_identify(log) by extensions ['ignore', 'ignore_ament_install']
[0.293s] Level 1:colcon.colcon_core.package_identification:_identify(log) by extension 'ignore'
[0.294s] Level 1:colcon.colcon_core.package_identification:_identify(log) ignored
[0.294s] Level 1:colcon.colcon_core.package_discovery:discover_packages(recursive) using defaults
[0.294s] Level 1:colcon.colcon_core.package_discovery:discover_packages(ignore) discover
[0.294s] Level 1:colcon.colcon_core.package_discovery:discover_packages(ignore) using defaults
[0.295s] Level 1:colcon.colcon_core.package_discovery:discover_packages(path) discover
[0.295s] Level 1:colcon.colcon_core.package_discovery:discover_packages(path) using defaults
[0.316s] Level 5:colcon.colcon_core.verb:set package 'SharedMemory0' build argument 'cmake_args' from command line to 'None'
[0.317s] Level 5:colcon.colcon_core.verb:set package 'SharedMemory0' build argument 'cmake_target' from command line to 'None'
[0.317s] Level 5:colcon.colcon_core.verb:set package 'SharedMemory0' build argument 'cmake_target_skip_unavailable' from command line to 'False'
[0.318s] Level 5:colcon.colcon_core.verb:set package 'SharedMemory0' build argument 'cmake_clean_cache' from command line to 'False'
[0.318s] Level 5:colcon.colcon_core.verb:set package 'SharedMemory0' build argument 'cmake_clean_first' from command line to 'False'
[0.318s] Level 5:colcon.colcon_core.verb:set package 'SharedMemory0' build argument 'cmake_force_configure' from command line to 'False'
[0.318s] Level 5:colcon.colcon_core.verb:set package 'SharedMemory0' build argument 'ament_cmake_args' from command line to 'None'
[0.319s] Level 5:colcon.colcon_core.verb:set package 'SharedMemory0' build argument 'catkin_cmake_args' from command line to 'None'
[0.319s] Level 5:colcon.colcon_core.verb:set package 'SharedMemory0' build argument 'catkin_skip_building_tests' from command line to 'False'
[0.319s] DEBUG:colcon.colcon_core.verb:Building package 'SharedMemory0' with the following arguments: {'ament_cmake_args': None, 'build_base': '/workspaces/NamedPipTest/build/SharedMemory0', 'catkin_cmake_args': None, 'catkin_skip_building_tests': False, 'cmake_args': None, 'cmake_clean_cache': False, 'cmake_clean_first': False, 'cmake_force_configure': False, 'cmake_target': None, 'cmake_target_skip_unavailable': False, 'install_base': '/workspaces/NamedPipTest/install', 'merge_install': True, 'path': '/workspaces/NamedPipTest/SharedMemory0', 'symlink_install': False, 'test_result_base': None}
[0.320s] Level 5:colcon.colcon_core.verb:set package 'SharedMemory1' build argument 'cmake_args' from command line to 'None'
[0.320s] Level 5:colcon.colcon_core.verb:set package 'SharedMemory1' build argument 'cmake_target' from command line to 'None'
[0.320s] Level 5:colcon.colcon_core.verb:set package 'SharedMemory1' build argument 'cmake_target_skip_unavailable' from command line to 'False'
[0.321s] Level 5:colcon.colcon_core.verb:set package 'SharedMemory1' build argument 'cmake_clean_cache' from command line to 'False'
[0.321s] Level 5:colcon.colcon_core.verb:set package 'SharedMemory1' build argument 'cmake_clean_first' from command line to 'False'
[0.321s] Level 5:colcon.colcon_core.verb:set package 'SharedMemory1' build argument 'cmake_force_configure' from command line to 'False'
[0.321s] Level 5:colcon.colcon_core.verb:set package 'SharedMemory1' build argument 'ament_cmake_args' from command line to 'None'
[0.321s] Level 5:colcon.colcon_core.verb:set package 'SharedMemory1' build argument 'catkin_cmake_args' from command line to 'None'
[0.321s] Level 5:colcon.colcon_core.verb:set package 'SharedMemory1' build argument 'catkin_skip_building_tests' from command line to 'False'
[0.322s] DEBUG:colcon.colcon_core.verb:Building package 'SharedMemory1' with the following arguments: {'ament_cmake_args': None, 'build_base': '/workspaces/NamedPipTest/build/SharedMemory1', 'catkin_cmake_args': None, 'catkin_skip_building_tests': False, 'cmake_args': None, 'cmake_clean_cache': False, 'cmake_clean_first': False, 'cmake_force_configure': False, 'cmake_target': None, 'cmake_target_skip_unavailable': False, 'install_base': '/workspaces/NamedPipTest/install', 'merge_install': True, 'path': '/workspaces/NamedPipTest/SharedMemory1', 'symlink_install': False, 'test_result_base': None}
[0.322s] INFO:colcon.colcon_core.executor:Executing jobs using 'parallel' executor
[0.323s] DEBUG:colcon.colcon_parallel_executor.executor.parallel:run_until_complete
[0.326s] INFO:colcon.colcon_ros.task.ament_cmake.build:Building ROS package in '/workspaces/NamedPipTest/SharedMemory0' with build type 'ament_cmake'
[0.326s] INFO:colcon.colcon_cmake.task.cmake.build:Building CMake package in '/workspaces/NamedPipTest/SharedMemory0'
[0.329s] INFO:colcon.colcon_core.plugin_system:Skipping extension 'colcon_core.shell.bat': Not used on non-Windows systems
[0.329s] INFO:colcon.colcon_core.shell:Skip shell extension 'powershell' for command environment: Not usable outside of PowerShell
[0.329s] DEBUG:colcon.colcon_core.shell:Skip shell extension 'dsv' for command environment
[0.341s] INFO:colcon.colcon_ros.task.ament_cmake.build:Building ROS package in '/workspaces/NamedPipTest/SharedMemory1' with build type 'ament_cmake'
[0.341s] INFO:colcon.colcon_cmake.task.cmake.build:Building CMake package in '/workspaces/NamedPipTest/SharedMemory1'
[0.342s] INFO:colcon.colcon_core.shell:Skip shell extension 'powershell' for command environment: Not usable outside of PowerShell
[0.342s] DEBUG:colcon.colcon_core.shell:Skip shell extension 'dsv' for command environment
[0.375s] DEBUG:colcon.colcon_core.event_handler.log_command:Invoking command in '/workspaces/NamedPipTest/build/SharedMemory0': CMAKE_PREFIX_PATH=/opt/ros/humble /usr/bin/cmake /workspaces/NamedPipTest/SharedMemory0 -DCMAKE_INSTALL_PREFIX=/workspaces/NamedPipTest/install
[0.387s] DEBUG:colcon.colcon_core.event_handler.log_command:Invoking command in '/workspaces/NamedPipTest/build/SharedMemory1': CMAKE_PREFIX_PATH=/opt/ros/humble /usr/bin/cmake /workspaces/NamedPipTest/SharedMemory1 -DCMAKE_INSTALL_PREFIX=/workspaces/NamedPipTest/install
[3.417s] DEBUG:colcon.colcon_core.event_handler.log_command:Invoked command in '/workspaces/NamedPipTest/build/SharedMemory1' returned '0': CMAKE_PREFIX_PATH=/opt/ros/humble /usr/bin/cmake /workspaces/NamedPipTest/SharedMemory1 -DCMAKE_INSTALL_PREFIX=/workspaces/NamedPipTest/install
[3.428s] DEBUG:colcon.colcon_core.event_handler.log_command:Invoking command in '/workspaces/NamedPipTest/build/SharedMemory1': CMAKE_PREFIX_PATH=/opt/ros/humble /usr/bin/cmake --build /workspaces/NamedPipTest/build/SharedMemory1 -- -j20 -l20
[3.429s] DEBUG:colcon.colcon_core.event_handler.log_command:Invoked command in '/workspaces/NamedPipTest/build/SharedMemory0' returned '0': CMAKE_PREFIX_PATH=/opt/ros/humble /usr/bin/cmake /workspaces/NamedPipTest/SharedMemory0 -DCMAKE_INSTALL_PREFIX=/workspaces/NamedPipTest/install
[3.436s] DEBUG:colcon.colcon_core.event_handler.log_command:Invoking command in '/workspaces/NamedPipTest/build/SharedMemory0': CMAKE_PREFIX_PATH=/opt/ros/humble /usr/bin/cmake --build /workspaces/NamedPipTest/build/SharedMemory0 -- -j20 -l20
[18.834s] DEBUG:colcon.colcon_core.event_handler.log_command:Invoked command in '/workspaces/NamedPipTest/build/SharedMemory1' returned '0': CMAKE_PREFIX_PATH=/opt/ros/humble /usr/bin/cmake --build /workspaces/NamedPipTest/build/SharedMemory1 -- -j20 -l20
[18.856s] DEBUG:colcon.colcon_core.event_handler.log_command:Invoked command in '/workspaces/NamedPipTest/build/SharedMemory0' returned '0': CMAKE_PREFIX_PATH=/opt/ros/humble /usr/bin/cmake --build /workspaces/NamedPipTest/build/SharedMemory0 -- -j20 -l20
[18.909s] DEBUG:colcon.colcon_core.event_handler.log_command:Invoking command in '/workspaces/NamedPipTest/build/SharedMemory1': CMAKE_PREFIX_PATH=/opt/ros/humble /usr/bin/cmake --install /workspaces/NamedPipTest/build/SharedMemory1
[18.921s] DEBUG:colcon.colcon_core.event_handler.log_command:Invoking command in '/workspaces/NamedPipTest/build/SharedMemory0': CMAKE_PREFIX_PATH=/opt/ros/humble /usr/bin/cmake --install /workspaces/NamedPipTest/build/SharedMemory0
[18.937s] DEBUG:colcon.colcon_core.event_handler.log_command:Invoked command in '/workspaces/NamedPipTest/build/SharedMemory1' returned '1': CMAKE_PREFIX_PATH=/opt/ros/humble /usr/bin/cmake --install /workspaces/NamedPipTest/build/SharedMemory1
[18.948s] DEBUG:colcon.colcon_core.event_handler.log_command:Invoked command in '/workspaces/NamedPipTest/build/SharedMemory0' returned '1': CMAKE_PREFIX_PATH=/opt/ros/humble /usr/bin/cmake --install /workspaces/NamedPipTest/build/SharedMemory0
[18.967s] Level 1:colcon.colcon_core.environment:create_environment_scripts_only(SharedMemory1)
[18.970s] Level 1:colcon.colcon_core.environment:checking '/workspaces/NamedPipTest/install' for CMake module files
[18.981s] Level 1:colcon.colcon_core.environment:checking '/workspaces/NamedPipTest/install' for CMake config files
[18.987s] Level 1:colcon.colcon_core.environment:checking '/workspaces/NamedPipTest/install/bin'
[18.988s] Level 1:colcon.colcon_core.environment:checking '/workspaces/NamedPipTest/install/lib/pkgconfig/SharedMemory1.pc'
[18.991s] Level 1:colcon.colcon_core.environment:checking '/workspaces/NamedPipTest/install/lib/python3.10/site-packages'
[18.992s] Level 1:colcon.colcon_core.environment:checking '/workspaces/NamedPipTest/install/bin'
[18.993s] INFO:colcon.colcon_core.shell:Creating package script '/workspaces/NamedPipTest/install/share/SharedMemory1/package.ps1'
[19.003s] INFO:colcon.colcon_core.shell:Creating package descriptor '/workspaces/NamedPipTest/install/share/SharedMemory1/package.dsv'
[19.012s] INFO:colcon.colcon_core.shell:Creating package script '/workspaces/NamedPipTest/install/share/SharedMemory1/package.sh'
[19.023s] INFO:colcon.colcon_core.shell:Creating package script '/workspaces/NamedPipTest/install/share/SharedMemory1/package.bash'
[19.035s] INFO:colcon.colcon_core.shell:Creating package script '/workspaces/NamedPipTest/install/share/SharedMemory1/package.zsh'
[19.045s] Level 1:colcon.colcon_core.environment:create_file_with_runtime_dependencies(/workspaces/NamedPipTest/install/share/colcon-core/packages/SharedMemory1)
[19.065s] DEBUG:colcon.colcon_parallel_executor.executor.parallel:closing loop
[19.066s] DEBUG:colcon.colcon_parallel_executor.executor.parallel:loop closed
[19.066s] DEBUG:colcon.colcon_parallel_executor.executor.parallel:run_until_complete finished with '1'
[19.066s] DEBUG:colcon.colcon_core.event_reactor:joining thread
[19.088s] INFO:colcon.colcon_core.plugin_system:Skipping extension 'colcon_notification.desktop_notification.notify_send': Could not find 'notify-send'
[19.088s] INFO:colcon.colcon_core.plugin_system:Skipping extension 'colcon_notification.desktop_notification.terminal_notifier': Not used on non-Darwin systems
[19.089s] INFO:colcon.colcon_core.plugin_system:Skipping extension 'colcon_notification.desktop_notification.win32': Not used on non-Windows systems
[19.089s] INFO:colcon.colcon_notification.desktop_notification:Sending desktop notification using 'notify2'
[19.093s] DEBUG:colcon.colcon_notification.desktop_notification.notify2:Failed to initialize notify2: org.freedesktop.DBus.Error.Spawn.ExecFailed: /usr/bin/dbus-launch terminated abnormally without any error message
[19.093s] DEBUG:colcon.colcon_core.event_reactor:joined thread
[19.094s] INFO:colcon.colcon_core.shell:Creating prefix script '/workspaces/NamedPipTest/install/local_setup.ps1'
[19.100s] INFO:colcon.colcon_core.shell:Creating prefix util module '/workspaces/NamedPipTest/install/_local_setup_util_ps1.py'
[19.108s] INFO:colcon.colcon_core.shell:Creating prefix chain script '/workspaces/NamedPipTest/install/setup.ps1'
[19.114s] INFO:colcon.colcon_core.shell:Creating prefix script '/workspaces/NamedPipTest/install/local_setup.sh'
[19.122s] INFO:colcon.colcon_core.shell:Creating prefix util module '/workspaces/NamedPipTest/install/_local_setup_util_sh.py'
[19.130s] INFO:colcon.colcon_core.shell:Creating prefix chain script '/workspaces/NamedPipTest/install/setup.sh'
[19.138s] INFO:colcon.colcon_core.shell:Creating prefix script '/workspaces/NamedPipTest/install/local_setup.bash'
[19.145s] INFO:colcon.colcon_core.shell:Creating prefix chain script '/workspaces/NamedPipTest/install/setup.bash'
[19.151s] INFO:colcon.colcon_core.shell:Creating prefix script '/workspaces/NamedPipTest/install/local_setup.zsh'
[19.157s] INFO:colcon.colcon_core.shell:Creating prefix chain script '/workspaces/NamedPipTest/install/setup.zsh'
