-- The C compiler identification is GNU 11.4.0
-- The CXX compiler identification is GNU 11.4.0
-- Detecting C compiler ABI info
-- Detecting C compiler ABI info - done
-- Check for working C compiler: /usr/bin/cc - skipped
-- Detecting C compile features
-- Detecting C compile features - done
-- Detecting CXX compiler ABI info
-- Detecting CXX compiler ABI info - done
-- Check for working CXX compiler: /usr/bin/c++ - skipped
-- Detecting CXX compile features
-- Detecting CXX compile features - done
-- Found ament_cmake: 1.3.8 (/opt/ros/humble/share/ament_cmake/cmake)
-- Found Python3: /usr/bin/python3 (found version "3.10.12") found components: Interpreter 
WARNING: Package name "SharedMemory0" does not follow the naming conventions. It should start with a lower case letter and only contain lower case letters, digits, underscores, and dashes.
-- Configuring done
-- Generating done
-- Build files have been written to: /workspaces/NamedPipTest/build/SharedMemory0
[?1h=MSBuild version 17.8.5+b5265ef37 for .NET
  Determining projects to restore...
  Restored /workspaces/NamedPipTest/SharedMemory0/SharedMemory0.csproj (in 314 ms).
[39;49m[93m/usr/lib/dotnet/sdk/8.0.105/Current/SolutionFile/ImportAfter/Microsoft.NET.Sdk.Solution.targets(36,5): warning NETSDK1194: The "--output" option isn't supported when building a solution. Specifying a solution-level output path results in all projects copying outputs to the same directory, which can lead to inconsistent builds. [/workspaces/NamedPipTest/SharedMemory0/SharedMemory0.sln]
[39;49m  SharedMemory0 -> /workspaces/NamedPipTest/SharedMemory0/bin/Release/net8.0/linux-x64/SharedMemory0.dll
  SharedMemory0 -> /workspaces/NamedPipTest/SharedMemory0/bin/
Built target run
-- Install configuration: ""
[31mCMake Error at cmake_install.cmake:46 (file):
  file INSTALL cannot find
  "/workspaces/NamedPipTest/SharedMemory0/declarations": No such file or
  directory.

[0m
